INFO:TeleBot:Started polling.
DEBUG:TeleBot:Received task
DEBUG:TeleBot:Request: method=get url=https://api.telegram.org/bot806603779:AAGXStpRxg5Gks5o2nUKh_JOYziZObKXoCs/getUpdates params={'offset': 1, 'timeout': 20} files=None
INFO:requests.packages.urllib3.connectionpool:Starting new HTTPS connection (1): api.telegram.org
DEBUG:requests.packages.urllib3.connectionpool:"GET /bot806603779:AAGXStpRxg5Gks5o2nUKh_JOYziZObKXoCs/getUpdates?offset=1&timeout=20 HTTP/1.1" 200 23
DEBUG:TeleBot:The server returned: 'b'{"ok":true,"result":[]}''
DEBUG:TeleBot:Received 0 new updates
DEBUG:TeleBot:Task complete
DEBUG:TeleBot:Received task
DEBUG:TeleBot:Request: method=get url=https://api.telegram.org/bot806603779:AAGXStpRxg5Gks5o2nUKh_JOYziZObKXoCs/getUpdates params={'offset': 1, 'timeout': 20} files=None
DEBUG:requests.packages.urllib3.connectionpool:"GET /bot806603779:AAGXStpRxg5Gks5o2nUKh_JOYziZObKXoCs/getUpdates?offset=1&timeout=20 HTTP/1.1" 200 23
DEBUG:TeleBot:The server returned: 'b'{"ok":true,"result":[]}''
DEBUG:TeleBot:Received 0 new updates
DEBUG:TeleBot:Task complete
DEBUG:TeleBot:Received task
DEBUG:TeleBot:Request: method=get url=https://api.telegram.org/bot806603779:AAGXStpRxg5Gks5o2nUKh_JOYziZObKXoCs/getUpdates params={'offset': 1, 'timeout': 20} files=None
DEBUG:requests.packages.urllib3.connectionpool:"GET /bot806603779:AAGXStpRxg5Gks5o2nUKh_JOYziZObKXoCs/getUpdates?offset=1&timeout=20 HTTP/1.1" 200 398
DEBUG:TeleBot:The server returned: 'b'{"ok":true,"result":[{"update_id":108939589,\n"message":{"message_id":42,"from":{"id":536244426,"is_bot":false,"first_name":"Bauyrzhan","last_name":"Ospan","username":"BOspan","language_code":"en"},"chat":{"id":536244426,"first_name":"Bauyrzhan","last_name":"Ospan","username":"BOspan","type":"private"},"date":1595179912,"text":"/start","entities":[{"offset":0,"length":6,"type":"bot_command"}]}}]}''
DEBUG:TeleBot:Received 1 new updates
DEBUG:TeleBot:Task complete
DEBUG:TeleBot:Received task
DEBUG:TeleBot:Request: method=get url=https://api.telegram.org/bot806603779:AAGXStpRxg5Gks5o2nUKh_JOYziZObKXoCs/forwardMessage params={'chat_id': -1001438155243, 'from_chat_id': 536244426, 'message_id': 42} files=None
DEBUG:TeleBot:Received task
DEBUG:TeleBot:Request: method=get url=https://api.telegram.org/bot806603779:AAGXStpRxg5Gks5o2nUKh_JOYziZObKXoCs/getUpdates params={'offset': 108939590, 'timeout': 20} files=None
INFO:requests.packages.urllib3.connectionpool:Starting new HTTPS connection (1): api.telegram.org
DEBUG:requests.packages.urllib3.connectionpool:"GET /bot806603779:AAGXStpRxg5Gks5o2nUKh_JOYziZObKXoCs/forwardMessage?chat_id=-1001438155243&from_chat_id=536244426&message_id=42 HTTP/1.1" 200 442
DEBUG:TeleBot:The server returned: 'b'{"ok":true,"result":{"message_id":13,"chat":{"id":-1001438155243,"title":"B2U \\u0421\\u043e\\u043e\\u0431\\u0449\\u0435\\u043d\\u0438\\u044f \\u043d\\u0430 \\u0431\\u043e\\u0442\\u0430","type":"channel"},"date":1595179912,"forward_from":{"id":536244426,"is_bot":false,"first_name":"Bauyrzhan","last_name":"Ospan","username":"BOspan","language_code":"en"},"forward_date":1595179912,"text":"/start","entities":[{"offset":0,"length":6,"type":"bot_command"}]}}''
DEBUG:TeleBot:Request: method=post url=https://api.telegram.org/bot806603779:AAGXStpRxg5Gks5o2nUKh_JOYziZObKXoCs/sendMessage params={'chat_id': '536244426', 'text': 'Пройдите регистрацию: укажите свой номер', 'reply_markup': '{"keyboard": [[{"text": "\\u041f\\u0440\\u043e\\u0439\\u0442\\u0438 \\u0440\\u0435\\u0433\\u0438\\u0441\\u0442\\u0440\\u0430\\u0446\\u0438\\u044e", "request_contact": true}]], "one_time_keyboard": true}'} files=None
DEBUG:requests.packages.urllib3.connectionpool:"POST /bot806603779:AAGXStpRxg5Gks5o2nUKh_JOYziZObKXoCs/sendMessage?chat_id=536244426&text=%D0%9F%D1%80%D0%BE%D0%B9%D0%B4%D0%B8%D1%82%D0%B5+%D1%80%D0%B5%D0%B3%D0%B8%D1%81%D1%82%D1%80%D0%B0%D1%86%D0%B8%D1%8E%3A+%D1%83%D0%BA%D0%B0%D0%B6%D0%B8%D1%82%D0%B5+%D1%81%D0%B2%D0%BE%D0%B9+%D0%BD%D0%BE%D0%BC%D0%B5%D1%80&reply_markup=%7B%22keyboard%22%3A+%5B%5B%7B%22text%22%3A+%22%5Cu041f%5Cu0440%5Cu043e%5Cu0439%5Cu0442%5Cu0438+%5Cu0440%5Cu0435%5Cu0433%5Cu0438%5Cu0441%5Cu0442%5Cu0440%5Cu0430%5Cu0446%5Cu0438%5Cu044e%22%2C+%22request_contact%22%3A+true%7D%5D%5D%2C+%22one_time_keyboard%22%3A+true%7D HTTP/1.1" 200 466
DEBUG:TeleBot:The server returned: 'b'{"ok":true,"result":{"message_id":43,"from":{"id":806603779,"is_bot":true,"first_name":"b2u","username":"b2urobot"},"chat":{"id":536244426,"first_name":"Bauyrzhan","last_name":"Ospan","username":"BOspan","type":"private"},"date":1595179912,"text":"\\u041f\\u0440\\u043e\\u0439\\u0434\\u0438\\u0442\\u0435 \\u0440\\u0435\\u0433\\u0438\\u0441\\u0442\\u0440\\u0430\\u0446\\u0438\\u044e: \\u0443\\u043a\\u0430\\u0436\\u0438\\u0442\\u0435 \\u0441\\u0432\\u043e\\u0439 \\u043d\\u043e\\u043c\\u0435\\u0440"}}''
DEBUG:TeleBot:Task complete
DEBUG:requests.packages.urllib3.connectionpool:"GET /bot806603779:AAGXStpRxg5Gks5o2nUKh_JOYziZObKXoCs/getUpdates?offset=108939590&timeout=20 HTTP/1.1" 200 430
DEBUG:TeleBot:The server returned: 'b'{"ok":true,"result":[{"update_id":108939590,\n"message":{"message_id":44,"from":{"id":536244426,"is_bot":false,"first_name":"Bauyrzhan","last_name":"Ospan","username":"BOspan","language_code":"en"},"chat":{"id":536244426,"first_name":"Bauyrzhan","last_name":"Ospan","username":"BOspan","type":"private"},"date":1595179919,"contact":{"phone_number":"77778694240","first_name":"Bauyrzhan","last_name":"Ospan","user_id":536244426}}}]}''
DEBUG:TeleBot:Received 1 new updates
DEBUG:TeleBot:Task complete
DEBUG:TeleBot:Received task
DEBUG:TeleBot:Request: method=get url=https://api.telegram.org/bot806603779:AAGXStpRxg5Gks5o2nUKh_JOYziZObKXoCs/forwardMessage params={'chat_id': -1001438155243, 'from_chat_id': 536244426, 'message_id': 44} files=None
DEBUG:TeleBot:Received task
DEBUG:TeleBot:Request: method=get url=https://api.telegram.org/bot806603779:AAGXStpRxg5Gks5o2nUKh_JOYziZObKXoCs/getUpdates params={'offset': 108939591, 'timeout': 20} files=None
DEBUG:requests.packages.urllib3.connectionpool:"GET /bot806603779:AAGXStpRxg5Gks5o2nUKh_JOYziZObKXoCs/forwardMessage?chat_id=-1001438155243&from_chat_id=536244426&message_id=44 HTTP/1.1" 200 474
DEBUG:TeleBot:The server returned: 'b'{"ok":true,"result":{"message_id":14,"chat":{"id":-1001438155243,"title":"B2U \\u0421\\u043e\\u043e\\u0431\\u0449\\u0435\\u043d\\u0438\\u044f \\u043d\\u0430 \\u0431\\u043e\\u0442\\u0430","type":"channel"},"date":1595179919,"forward_from":{"id":536244426,"is_bot":false,"first_name":"Bauyrzhan","last_name":"Ospan","username":"BOspan","language_code":"en"},"forward_date":1595179919,"contact":{"phone_number":"77778694240","first_name":"Bauyrzhan","last_name":"Ospan","user_id":536244426}}}''
DEBUG:TeleBot:Request: method=post url=https://api.telegram.org/bot806603779:AAGXStpRxg5Gks5o2nUKh_JOYziZObKXoCs/sendMessage params={'chat_id': '536244426', 'text': 'Введите фамилию и имя:', 'reply_markup': '{"force_reply": true}'} files=None
DEBUG:requests.packages.urllib3.connectionpool:"POST /bot806603779:AAGXStpRxg5Gks5o2nUKh_JOYziZObKXoCs/sendMessage?chat_id=536244426&text=%D0%92%D0%B2%D0%B5%D0%B4%D0%B8%D1%82%D0%B5+%D1%84%D0%B0%D0%BC%D0%B8%D0%BB%D0%B8%D1%8E+%D0%B8+%D0%B8%D0%BC%D1%8F%3A&reply_markup=%7B%22force_reply%22%3A+true%7D HTTP/1.1" 200 363
DEBUG:TeleBot:The server returned: 'b'{"ok":true,"result":{"message_id":45,"from":{"id":806603779,"is_bot":true,"first_name":"b2u","username":"b2urobot"},"chat":{"id":536244426,"first_name":"Bauyrzhan","last_name":"Ospan","username":"BOspan","type":"private"},"date":1595179919,"text":"\\u0412\\u0432\\u0435\\u0434\\u0438\\u0442\\u0435 \\u0444\\u0430\\u043c\\u0438\\u043b\\u0438\\u044e \\u0438 \\u0438\\u043c\\u044f:"}}''
DEBUG:TeleBot:Task complete
DEBUG:requests.packages.urllib3.connectionpool:"GET /bot806603779:AAGXStpRxg5Gks5o2nUKh_JOYziZObKXoCs/getUpdates?offset=108939591&timeout=20 HTTP/1.1" 200 23
DEBUG:TeleBot:The server returned: 'b'{"ok":true,"result":[]}''
DEBUG:TeleBot:Received 0 new updates
DEBUG:TeleBot:Task complete
DEBUG:TeleBot:Received task
DEBUG:TeleBot:Request: method=get url=https://api.telegram.org/bot806603779:AAGXStpRxg5Gks5o2nUKh_JOYziZObKXoCs/getUpdates params={'offset': 108939591, 'timeout': 20} files=None
DEBUG:requests.packages.urllib3.connectionpool:"GET /bot806603779:AAGXStpRxg5Gks5o2nUKh_JOYziZObKXoCs/getUpdates?offset=108939591&timeout=20 HTTP/1.1" 200 23
DEBUG:TeleBot:The server returned: 'b'{"ok":true,"result":[]}''
DEBUG:TeleBot:Received 0 new updates
DEBUG:TeleBot:Task complete
DEBUG:TeleBot:Received task
DEBUG:TeleBot:Request: method=get url=https://api.telegram.org/bot806603779:AAGXStpRxg5Gks5o2nUKh_JOYziZObKXoCs/getUpdates params={'offset': 108939591, 'timeout': 20} files=None
DEBUG:requests.packages.urllib3.connectionpool:"GET /bot806603779:AAGXStpRxg5Gks5o2nUKh_JOYziZObKXoCs/getUpdates?offset=108939591&timeout=20 HTTP/1.1" 200 350
DEBUG:TeleBot:The server returned: 'b'{"ok":true,"result":[{"update_id":108939591,\n"message":{"message_id":46,"from":{"id":274271705,"is_bot":false,"first_name":"Naboo","username":"nabooX","language_code":"en"},"chat":{"id":274271705,"first_name":"Naboo","username":"nabooX","type":"private"},"date":1595179963,"text":"/start","entities":[{"offset":0,"length":6,"type":"bot_command"}]}}]}''
DEBUG:TeleBot:Received 1 new updates
DEBUG:TeleBot:Task complete
DEBUG:TeleBot:Received task
DEBUG:TeleBot:Request: method=get url=https://api.telegram.org/bot806603779:AAGXStpRxg5Gks5o2nUKh_JOYziZObKXoCs/forwardMessage params={'chat_id': -1001438155243, 'from_chat_id': 274271705, 'message_id': 46} files=None
DEBUG:TeleBot:Received task
DEBUG:TeleBot:Request: method=get url=https://api.telegram.org/bot806603779:AAGXStpRxg5Gks5o2nUKh_JOYziZObKXoCs/getUpdates params={'offset': 108939592, 'timeout': 20} files=None
DEBUG:requests.packages.urllib3.connectionpool:"GET /bot806603779:AAGXStpRxg5Gks5o2nUKh_JOYziZObKXoCs/forwardMessage?chat_id=-1001438155243&from_chat_id=274271705&message_id=46 HTTP/1.1" 200 418
DEBUG:TeleBot:The server returned: 'b'{"ok":true,"result":{"message_id":15,"chat":{"id":-1001438155243,"title":"B2U \\u0421\\u043e\\u043e\\u0431\\u0449\\u0435\\u043d\\u0438\\u044f \\u043d\\u0430 \\u0431\\u043e\\u0442\\u0430","type":"channel"},"date":1595179963,"forward_from":{"id":274271705,"is_bot":false,"first_name":"Naboo","username":"nabooX","language_code":"en"},"forward_date":1595179963,"text":"/start","entities":[{"offset":0,"length":6,"type":"bot_command"}]}}''
DEBUG:TeleBot:Request: method=post url=https://api.telegram.org/bot806603779:AAGXStpRxg5Gks5o2nUKh_JOYziZObKXoCs/sendMessage params={'chat_id': '274271705', 'text': 'Пройдите регистрацию: укажите свой номер', 'reply_markup': '{"keyboard": [[{"text": "\\u041f\\u0440\\u043e\\u0439\\u0442\\u0438 \\u0440\\u0435\\u0433\\u0438\\u0441\\u0442\\u0440\\u0430\\u0446\\u0438\\u044e", "request_contact": true}]], "one_time_keyboard": true}'} files=None
DEBUG:requests.packages.urllib3.connectionpool:"POST /bot806603779:AAGXStpRxg5Gks5o2nUKh_JOYziZObKXoCs/sendMessage?chat_id=274271705&text=%D0%9F%D1%80%D0%BE%D0%B9%D0%B4%D0%B8%D1%82%D0%B5+%D1%80%D0%B5%D0%B3%D0%B8%D1%81%D1%82%D1%80%D0%B0%D1%86%D0%B8%D1%8E%3A+%D1%83%D0%BA%D0%B0%D0%B6%D0%B8%D1%82%D0%B5+%D1%81%D0%B2%D0%BE%D0%B9+%D0%BD%D0%BE%D0%BC%D0%B5%D1%80&reply_markup=%7B%22keyboard%22%3A+%5B%5B%7B%22text%22%3A+%22%5Cu041f%5Cu0440%5Cu043e%5Cu0439%5Cu0442%5Cu0438+%5Cu0440%5Cu0435%5Cu0433%5Cu0438%5Cu0441%5Cu0442%5Cu0440%5Cu0430%5Cu0446%5Cu0438%5Cu044e%22%2C+%22request_contact%22%3A+true%7D%5D%5D%2C+%22one_time_keyboard%22%3A+true%7D HTTP/1.1" 200 442
DEBUG:TeleBot:The server returned: 'b'{"ok":true,"result":{"message_id":47,"from":{"id":806603779,"is_bot":true,"first_name":"b2u","username":"b2urobot"},"chat":{"id":274271705,"first_name":"Naboo","username":"nabooX","type":"private"},"date":1595179963,"text":"\\u041f\\u0440\\u043e\\u0439\\u0434\\u0438\\u0442\\u0435 \\u0440\\u0435\\u0433\\u0438\\u0441\\u0442\\u0440\\u0430\\u0446\\u0438\\u044e: \\u0443\\u043a\\u0430\\u0436\\u0438\\u0442\\u0435 \\u0441\\u0432\\u043e\\u0439 \\u043d\\u043e\\u043c\\u0435\\u0440"}}''
DEBUG:TeleBot:Task complete
DEBUG:requests.packages.urllib3.connectionpool:"GET /bot806603779:AAGXStpRxg5Gks5o2nUKh_JOYziZObKXoCs/getUpdates?offset=108939592&timeout=20 HTTP/1.1" 200 359
DEBUG:TeleBot:The server returned: 'b'{"ok":true,"result":[{"update_id":108939592,\n"message":{"message_id":48,"from":{"id":274271705,"is_bot":false,"first_name":"Naboo","username":"nabooX","language_code":"en"},"chat":{"id":274271705,"first_name":"Naboo","username":"nabooX","type":"private"},"date":1595179967,"contact":{"phone_number":"447843850973","first_name":"Naboo","user_id":274271705}}}]}''
DEBUG:TeleBot:Received 1 new updates
DEBUG:TeleBot:Task complete
DEBUG:TeleBot:Received task
DEBUG:TeleBot:Request: method=get url=https://api.telegram.org/bot806603779:AAGXStpRxg5Gks5o2nUKh_JOYziZObKXoCs/forwardMessage params={'chat_id': -1001438155243, 'from_chat_id': 274271705, 'message_id': 48} files=None
DEBUG:TeleBot:Received task
DEBUG:TeleBot:Request: method=get url=https://api.telegram.org/bot806603779:AAGXStpRxg5Gks5o2nUKh_JOYziZObKXoCs/getUpdates params={'offset': 108939593, 'timeout': 20} files=None
INFO:requests.packages.urllib3.connectionpool:Starting new HTTPS connection (1): api.telegram.org
DEBUG:requests.packages.urllib3.connectionpool:"GET /bot806603779:AAGXStpRxg5Gks5o2nUKh_JOYziZObKXoCs/forwardMessage?chat_id=-1001438155243&from_chat_id=274271705&message_id=48 HTTP/1.1" 200 427
DEBUG:TeleBot:The server returned: 'b'{"ok":true,"result":{"message_id":16,"chat":{"id":-1001438155243,"title":"B2U \\u0421\\u043e\\u043e\\u0431\\u0449\\u0435\\u043d\\u0438\\u044f \\u043d\\u0430 \\u0431\\u043e\\u0442\\u0430","type":"channel"},"date":1595179967,"forward_from":{"id":274271705,"is_bot":false,"first_name":"Naboo","username":"nabooX","language_code":"en"},"forward_date":1595179967,"contact":{"phone_number":"447843850973","first_name":"Naboo","user_id":274271705}}}''
DEBUG:TeleBot:Request: method=post url=https://api.telegram.org/bot806603779:AAGXStpRxg5Gks5o2nUKh_JOYziZObKXoCs/sendMessage params={'chat_id': '274271705', 'text': 'Введите фамилию и имя:', 'reply_markup': '{"force_reply": true}'} files=None
DEBUG:requests.packages.urllib3.connectionpool:"POST /bot806603779:AAGXStpRxg5Gks5o2nUKh_JOYziZObKXoCs/sendMessage?chat_id=274271705&text=%D0%92%D0%B2%D0%B5%D0%B4%D0%B8%D1%82%D0%B5+%D1%84%D0%B0%D0%BC%D0%B8%D0%BB%D0%B8%D1%8E+%D0%B8+%D0%B8%D0%BC%D1%8F%3A&reply_markup=%7B%22force_reply%22%3A+true%7D HTTP/1.1" 200 339
DEBUG:TeleBot:The server returned: 'b'{"ok":true,"result":{"message_id":49,"from":{"id":806603779,"is_bot":true,"first_name":"b2u","username":"b2urobot"},"chat":{"id":274271705,"first_name":"Naboo","username":"nabooX","type":"private"},"date":1595179967,"text":"\\u0412\\u0432\\u0435\\u0434\\u0438\\u0442\\u0435 \\u0444\\u0430\\u043c\\u0438\\u043b\\u0438\\u044e \\u0438 \\u0438\\u043c\\u044f:"}}''
DEBUG:TeleBot:Task complete
DEBUG:requests.packages.urllib3.connectionpool:"GET /bot806603779:AAGXStpRxg5Gks5o2nUKh_JOYziZObKXoCs/getUpdates?offset=108939593&timeout=20 HTTP/1.1" 200 697
DEBUG:TeleBot:The server returned: 'b'{"ok":true,"result":[{"update_id":108939593,\n"message":{"message_id":50,"from":{"id":274271705,"is_bot":false,"first_name":"Naboo","username":"nabooX","language_code":"en"},"chat":{"id":274271705,"first_name":"Naboo","username":"nabooX","type":"private"},"date":1595179976,"reply_to_message":{"message_id":49,"from":{"id":806603779,"is_bot":true,"first_name":"b2u","username":"b2urobot"},"chat":{"id":274271705,"first_name":"Naboo","username":"nabooX","type":"private"},"date":1595179967,"text":"\\u0412\\u0432\\u0435\\u0434\\u0438\\u0442\\u0435 \\u0444\\u0430\\u043c\\u0438\\u043b\\u0438\\u044e \\u0438 \\u0438\\u043c\\u044f:"},"text":"\\u0410\\u0440\\u043c\\u0430\\u043d \\u0410\\u0440\\u043c\\u0430\\u043d\\u043e\\u0432"}}]}''
DEBUG:TeleBot:Received 1 new updates
DEBUG:TeleBot:Task complete
DEBUG:TeleBot:Received task
DEBUG:TeleBot:Request: method=get url=https://api.telegram.org/bot806603779:AAGXStpRxg5Gks5o2nUKh_JOYziZObKXoCs/forwardMessage params={'chat_id': -1001438155243, 'from_chat_id': 274271705, 'message_id': 50} files=None
DEBUG:TeleBot:Received task
DEBUG:TeleBot:Request: method=get url=https://api.telegram.org/bot806603779:AAGXStpRxg5Gks5o2nUKh_JOYziZObKXoCs/getUpdates params={'offset': 108939594, 'timeout': 20} files=None
DEBUG:requests.packages.urllib3.connectionpool:"GET /bot806603779:AAGXStpRxg5Gks5o2nUKh_JOYziZObKXoCs/forwardMessage?chat_id=-1001438155243&from_chat_id=274271705&message_id=50 HTTP/1.1" 200 427
DEBUG:TeleBot:The server returned: 'b'{"ok":true,"result":{"message_id":17,"chat":{"id":-1001438155243,"title":"B2U \\u0421\\u043e\\u043e\\u0431\\u0449\\u0435\\u043d\\u0438\\u044f \\u043d\\u0430 \\u0431\\u043e\\u0442\\u0430","type":"channel"},"date":1595179976,"forward_from":{"id":274271705,"is_bot":false,"first_name":"Naboo","username":"nabooX","language_code":"en"},"forward_date":1595179976,"text":"\\u0410\\u0440\\u043c\\u0430\\u043d \\u0410\\u0440\\u043c\\u0430\\u043d\\u043e\\u0432"}}''
DEBUG:TeleBot:Request: method=post url=https://api.telegram.org/bot806603779:AAGXStpRxg5Gks5o2nUKh_JOYziZObKXoCs/sendMessage params={'chat_id': '274271705', 'text': 'Выберите Вашу позицию', 'reply_markup': '{"keyboard": [[{"text": "\\u0414\\u0438\\u0440\\u0435\\u043a\\u0442\\u043e\\u0440 \\u0441\\u043d\\u0430\\u0431\\u0436\\u0435\\u043d\\u0438\\u044f"}], [{"text": "\\u0414\\u0438\\u0440\\u0435\\u043a\\u0442\\u043e\\u0440 \\u043c\\u043e\\u043d\\u0442\\u0430\\u0436\\u0430"}], [{"text": "\\u0414\\u0438\\u0440\\u0435\\u043a\\u0442\\u043e\\u0440 \\u043f\\u0440\\u043e\\u0438\\u0437\\u0432\\u043e\\u0434\\u0441\\u0442\\u0432\\u0430"}], [{"text": "\\u0414\\u0438\\u0440\\u0435\\u043a\\u0442\\u043e\\u0440 \\u043f\\u043e \\u0441\\u0442\\u0440\\u043e\\u0438\\u0442\\u0435\\u043b\\u044c\\u0441\\u0442\\u0432\\u0443"}], [{"text": "\\u0414\\u0438\\u0440\\u0435\\u043a\\u0442\\u043e\\u0440 \\u043f\\u043e \\u0441\\u0432\\u044f\\u0437\\u0438"}], [{"text": "\\u0422\\u0435\\u0445. \\u043d\\u0430\\u0434\\u0437\\u043e\\u0440"}], [{"text": "\\u0411\\u0440\\u0438\\u0433\\u0430\\u0434\\u0438\\u0440 \\u21161"}], [{"text": "\\u0411\\u0440\\u0438\\u0433\\u0430\\u0434\\u0438\\u0440 \\u21162"}], [{"text": "\\u0411\\u0440\\u0438\\u0433\\u0430\\u0434\\u0438\\u0440 \\u21163"}], [{"text": "\\u0411\\u0440\\u0438\\u0433\\u0430\\u0434\\u0438\\u0440 \\u21164"}], [{"text": "\\u0411\\u0440\\u0438\\u0433\\u0430\\u0434\\u0438\\u0440 \\u21165"}], [{"text": "\\u0411\\u0440\\u0438\\u0433\\u0430\\u0434\\u0438\\u0440 \\u21166"}], [{"text": "\\u0411\\u0440\\u0438\\u0433\\u0430\\u0434\\u0438\\u0440 \\u21167"}], [{"text": "\\u0411\\u0440\\u0438\\u0433\\u0430\\u0434\\u0438\\u0440 \\u21168"}], [{"text": "\\u0411\\u0440\\u0438\\u0433\\u0430\\u0434\\u0438\\u0440 \\u21169"}], [{"text": "\\u0411\\u0440\\u0438\\u0433\\u0430\\u0434\\u0438\\u0440 \\u211610"}], [{"text": "\\u0411\\u0440\\u0438\\u0433\\u0430\\u0434\\u0438\\u0440 \\u211611"}], [{"text": "\\u0411\\u0440\\u0438\\u0433\\u0430\\u0434\\u0438\\u0440 \\u211612"}], [{"text": "\\u0411\\u0440\\u0438\\u0433\\u0430\\u0434\\u0438\\u0440 \\u211613"}], [{"text": "\\u0411\\u0440\\u0438\\u0433\\u0430\\u0434\\u0438\\u0440 \\u211614"}], [{"text": "\\u0411\\u0440\\u0438\\u0433\\u0430\\u0434\\u0438\\u0440 \\u211615"}], [{"text": "\\u0411\\u0440\\u0438\\u0433\\u0430\\u0434\\u0438\\u0440 \\u211616"}], [{"text": "\\u0411\\u0440\\u0438\\u0433\\u0430\\u0434\\u0438\\u0440 \\u211617"}], [{"text": "\\u0411\\u0440\\u0438\\u0433\\u0430\\u0434\\u0438\\u0440 \\u211618"}]]}'} files=None
DEBUG:requests.packages.urllib3.connectionpool:"POST /bot806603779:AAGXStpRxg5Gks5o2nUKh_JOYziZObKXoCs/sendMessage?chat_id=274271705&text=%D0%92%D1%8B%D0%B1%D0%B5%D1%80%D0%B8%D1%82%D0%B5+%D0%92%D0%B0%D1%88%D1%83+%D0%BF%D0%BE%D0%B7%D0%B8%D1%86%D0%B8%D1%8E&reply_markup=%7B%22keyboard%22%3A+%5B%5B%7B%22text%22%3A+%22%5Cu0414%5Cu0438%5Cu0440%5Cu0435%5Cu043a%5Cu0442%5Cu043e%5Cu0440+%5Cu0441%5Cu043d%5Cu0430%5Cu0431%5Cu0436%5Cu0435%5Cu043d%5Cu0438%5Cu044f%22%7D%5D%2C+%5B%7B%22text%22%3A+%22%5Cu0414%5Cu0438%5Cu0440%5Cu0435%5Cu043a%5Cu0442%5Cu043e%5Cu0440+%5Cu043c%5Cu043e%5Cu043d%5Cu0442%5Cu0430%5Cu0436%5Cu0430%22%7D%5D%2C+%5B%7B%22text%22%3A+%22%5Cu0414%5Cu0438%5Cu0440%5Cu0435%5Cu043a%5Cu0442%5Cu043e%5Cu0440+%5Cu043f%5Cu0440%5Cu043e%5Cu0438%5Cu0437%5Cu0432%5Cu043e%5Cu0434%5Cu0441%5Cu0442%5Cu0432%5Cu0430%22%7D%5D%2C+%5B%7B%22text%22%3A+%22%5Cu0414%5Cu0438%5Cu0440%5Cu0435%5Cu043a%5Cu0442%5Cu043e%5Cu0440+%5Cu043f%5Cu043e+%5Cu0441%5Cu0442%5Cu0440%5Cu043e%5Cu0438%5Cu0442%5Cu0435%5Cu043b%5Cu044c%5Cu0441%5Cu0442%5Cu0432%5Cu0443%22%7D%5D%2C+%5B%7B%22text%22%3A+%22%5Cu0414%5Cu0438%5Cu0440%5Cu0435%5Cu043a%5Cu0442%5Cu043e%5Cu0440+%5Cu043f%5Cu043e+%5Cu0441%5Cu0432%5Cu044f%5Cu0437%5Cu0438%22%7D%5D%2C+%5B%7B%22text%22%3A+%22%5Cu0422%5Cu0435%5Cu0445.+%5Cu043d%5Cu0430%5Cu0434%5Cu0437%5Cu043e%5Cu0440%22%7D%5D%2C+%5B%7B%22text%22%3A+%22%5Cu0411%5Cu0440%5Cu0438%5Cu0433%5Cu0430%5Cu0434%5Cu0438%5Cu0440+%5Cu21161%22%7D%5D%2C+%5B%7B%22text%22%3A+%22%5Cu0411%5Cu0440%5Cu0438%5Cu0433%5Cu0430%5Cu0434%5Cu0438%5Cu0440+%5Cu21162%22%7D%5D%2C+%5B%7B%22text%22%3A+%22%5Cu0411%5Cu0440%5Cu0438%5Cu0433%5Cu0430%5Cu0434%5Cu0438%5Cu0440+%5Cu21163%22%7D%5D%2C+%5B%7B%22text%22%3A+%22%5Cu0411%5Cu0440%5Cu0438%5Cu0433%5Cu0430%5Cu0434%5Cu0438%5Cu0440+%5Cu21164%22%7D%5D%2C+%5B%7B%22text%22%3A+%22%5Cu0411%5Cu0440%5Cu0438%5Cu0433%5Cu0430%5Cu0434%5Cu0438%5Cu0440+%5Cu21165%22%7D%5D%2C+%5B%7B%22text%22%3A+%22%5Cu0411%5Cu0440%5Cu0438%5Cu0433%5Cu0430%5Cu0434%5Cu0438%5Cu0440+%5Cu21166%22%7D%5D%2C+%5B%7B%22text%22%3A+%22%5Cu0411%5Cu0440%5Cu0438%5Cu0433%5Cu0430%5Cu0434%5Cu0438%5Cu0440+%5Cu21167%22%7D%5D%2C+%5B%7B%22text%22%3A+%22%5Cu0411%5Cu0440%5Cu0438%5Cu0433%5Cu0430%5Cu0434%5Cu0438%5Cu0440+%5Cu21168%22%7D%5D%2C+%5B%7B%22text%22%3A+%22%5Cu0411%5Cu0440%5Cu0438%5Cu0433%5Cu0430%5Cu0434%5Cu0438%5Cu0440+%5Cu21169%22%7D%5D%2C+%5B%7B%22text%22%3A+%22%5Cu0411%5Cu0440%5Cu0438%5Cu0433%5Cu0430%5Cu0434%5Cu0438%5Cu0440+%5Cu211610%22%7D%5D%2C+%5B%7B%22text%22%3A+%22%5Cu0411%5Cu0440%5Cu0438%5Cu0433%5Cu0430%5Cu0434%5Cu0438%5Cu0440+%5Cu211611%22%7D%5D%2C+%5B%7B%22text%22%3A+%22%5Cu0411%5Cu0440%5Cu0438%5Cu0433%5Cu0430%5Cu0434%5Cu0438%5Cu0440+%5Cu211612%22%7D%5D%2C+%5B%7B%22text%22%3A+%22%5Cu0411%5Cu0440%5Cu0438%5Cu0433%5Cu0430%5Cu0434%5Cu0438%5Cu0440+%5Cu211613%22%7D%5D%2C+%5B%7B%22text%22%3A+%22%5Cu0411%5Cu0440%5Cu0438%5Cu0433%5Cu0430%5Cu0434%5Cu0438%5Cu0440+%5Cu211614%22%7D%5D%2C+%5B%7B%22text%22%3A+%22%5Cu0411%5Cu0440%5Cu0438%5Cu0433%5Cu0430%5Cu0434%5Cu0438%5Cu0440+%5Cu211615%22%7D%5D%2C+%5B%7B%22text%22%3A+%22%5Cu0411%5Cu0440%5Cu0438%5Cu0433%5Cu0430%5Cu0434%5Cu0438%5Cu0440+%5Cu211616%22%7D%5D%2C+%5B%7B%22text%22%3A+%22%5Cu0411%5Cu0440%5Cu0438%5Cu0433%5Cu0430%5Cu0434%5Cu0438%5Cu0440+%5Cu211617%22%7D%5D%2C+%5B%7B%22text%22%3A+%22%5Cu0411%5Cu0440%5Cu0438%5Cu0433%5Cu0430%5Cu0434%5Cu0438%5Cu0440+%5Cu211618%22%7D%5D%5D%7D HTTP/1.1" 200 343
DEBUG:TeleBot:The server returned: 'b'{"ok":true,"result":{"message_id":51,"from":{"id":806603779,"is_bot":true,"first_name":"b2u","username":"b2urobot"},"chat":{"id":274271705,"first_name":"Naboo","username":"nabooX","type":"private"},"date":1595179976,"text":"\\u0412\\u044b\\u0431\\u0435\\u0440\\u0438\\u0442\\u0435 \\u0412\\u0430\\u0448\\u0443 \\u043f\\u043e\\u0437\\u0438\\u0446\\u0438\\u044e"}}''
DEBUG:TeleBot:Task complete
DEBUG:requests.packages.urllib3.connectionpool:"GET /bot806603779:AAGXStpRxg5Gks5o2nUKh_JOYziZObKXoCs/getUpdates?offset=108939594&timeout=20 HTTP/1.1" 200 342
DEBUG:TeleBot:The server returned: 'b'{"ok":true,"result":[{"update_id":108939594,\n"message":{"message_id":52,"from":{"id":274271705,"is_bot":false,"first_name":"Naboo","username":"nabooX","language_code":"en"},"chat":{"id":274271705,"first_name":"Naboo","username":"nabooX","type":"private"},"date":1595179988,"text":"\\u0411\\u0440\\u0438\\u0433\\u0430\\u0434\\u0438\\u0440 \\u21169"}}]}''
DEBUG:TeleBot:Received 1 new updates
DEBUG:TeleBot:Task complete
DEBUG:TeleBot:Received task
DEBUG:TeleBot:Request: method=get url=https://api.telegram.org/bot806603779:AAGXStpRxg5Gks5o2nUKh_JOYziZObKXoCs/forwardMessage params={'chat_id': -1001438155243, 'from_chat_id': 274271705, 'message_id': 52} files=None
DEBUG:TeleBot:Received task
DEBUG:TeleBot:Request: method=get url=https://api.telegram.org/bot806603779:AAGXStpRxg5Gks5o2nUKh_JOYziZObKXoCs/getUpdates params={'offset': 108939595, 'timeout': 20} files=None
DEBUG:requests.packages.urllib3.connectionpool:"GET /bot806603779:AAGXStpRxg5Gks5o2nUKh_JOYziZObKXoCs/forwardMessage?chat_id=-1001438155243&from_chat_id=274271705&message_id=52 HTTP/1.1" 200 410
DEBUG:TeleBot:The server returned: 'b'{"ok":true,"result":{"message_id":18,"chat":{"id":-1001438155243,"title":"B2U \\u0421\\u043e\\u043e\\u0431\\u0449\\u0435\\u043d\\u0438\\u044f \\u043d\\u0430 \\u0431\\u043e\\u0442\\u0430","type":"channel"},"date":1595179988,"forward_from":{"id":274271705,"is_bot":false,"first_name":"Naboo","username":"nabooX","language_code":"en"},"forward_date":1595179988,"text":"\\u0411\\u0440\\u0438\\u0433\\u0430\\u0434\\u0438\\u0440 \\u21169"}}''
DEBUG:TeleBot:Task complete
DEBUG:requests.packages.urllib3.connectionpool:"GET /bot806603779:AAGXStpRxg5Gks5o2nUKh_JOYziZObKXoCs/getUpdates?offset=108939595&timeout=20 HTTP/1.1" 200 23
DEBUG:TeleBot:The server returned: 'b'{"ok":true,"result":[]}''
DEBUG:TeleBot:Received 0 new updates
DEBUG:TeleBot:Task complete
DEBUG:TeleBot:Received task
DEBUG:TeleBot:Request: method=get url=https://api.telegram.org/bot806603779:AAGXStpRxg5Gks5o2nUKh_JOYziZObKXoCs/getUpdates params={'offset': 108939595, 'timeout': 20} files=None
DEBUG:requests.packages.urllib3.connectionpool:"GET /bot806603779:AAGXStpRxg5Gks5o2nUKh_JOYziZObKXoCs/getUpdates?offset=108939595&timeout=20 HTTP/1.1" 200 23
DEBUG:TeleBot:The server returned: 'b'{"ok":true,"result":[]}''
DEBUG:TeleBot:Received 0 new updates
DEBUG:TeleBot:Task complete
DEBUG:TeleBot:Received task
DEBUG:TeleBot:Request: method=get url=https://api.telegram.org/bot806603779:AAGXStpRxg5Gks5o2nUKh_JOYziZObKXoCs/getUpdates params={'offset': 108939595, 'timeout': 20} files=None
DEBUG:requests.packages.urllib3.connectionpool:"GET /bot806603779:AAGXStpRxg5Gks5o2nUKh_JOYziZObKXoCs/getUpdates?offset=108939595&timeout=20 HTTP/1.1" 200 23
DEBUG:TeleBot:The server returned: 'b'{"ok":true,"result":[]}''
DEBUG:TeleBot:Received 0 new updates
DEBUG:TeleBot:Task complete
DEBUG:TeleBot:Received task
DEBUG:TeleBot:Request: method=get url=https://api.telegram.org/bot806603779:AAGXStpRxg5Gks5o2nUKh_JOYziZObKXoCs/getUpdates params={'offset': 108939595, 'timeout': 20} files=None
DEBUG:requests.packages.urllib3.connectionpool:"GET /bot806603779:AAGXStpRxg5Gks5o2nUKh_JOYziZObKXoCs/getUpdates?offset=108939595&timeout=20 HTTP/1.1" 200 23
DEBUG:TeleBot:The server returned: 'b'{"ok":true,"result":[]}''
DEBUG:TeleBot:Received 0 new updates
DEBUG:TeleBot:Task complete
DEBUG:TeleBot:Received task
DEBUG:TeleBot:Request: method=get url=https://api.telegram.org/bot806603779:AAGXStpRxg5Gks5o2nUKh_JOYziZObKXoCs/getUpdates params={'offset': 108939595, 'timeout': 20} files=None
DEBUG:requests.packages.urllib3.connectionpool:"GET /bot806603779:AAGXStpRxg5Gks5o2nUKh_JOYziZObKXoCs/getUpdates?offset=108939595&timeout=20 HTTP/1.1" 200 23
DEBUG:TeleBot:The server returned: 'b'{"ok":true,"result":[]}''
DEBUG:TeleBot:Received 0 new updates
DEBUG:TeleBot:Task complete
DEBUG:TeleBot:Received task
DEBUG:TeleBot:Request: method=get url=https://api.telegram.org/bot806603779:AAGXStpRxg5Gks5o2nUKh_JOYziZObKXoCs/getUpdates params={'offset': 108939595, 'timeout': 20} files=None
DEBUG:requests.packages.urllib3.connectionpool:"GET /bot806603779:AAGXStpRxg5Gks5o2nUKh_JOYziZObKXoCs/getUpdates?offset=108939595&timeout=20 HTTP/1.1" 200 23
DEBUG:TeleBot:The server returned: 'b'{"ok":true,"result":[]}''
DEBUG:TeleBot:Received 0 new updates
DEBUG:TeleBot:Task complete
DEBUG:TeleBot:Received task
DEBUG:TeleBot:Request: method=get url=https://api.telegram.org/bot806603779:AAGXStpRxg5Gks5o2nUKh_JOYziZObKXoCs/getUpdates params={'offset': 108939595, 'timeout': 20} files=None
DEBUG:requests.packages.urllib3.connectionpool:"GET /bot806603779:AAGXStpRxg5Gks5o2nUKh_JOYziZObKXoCs/getUpdates?offset=108939595&timeout=20 HTTP/1.1" 200 23
DEBUG:TeleBot:The server returned: 'b'{"ok":true,"result":[]}''
DEBUG:TeleBot:Received 0 new updates
DEBUG:TeleBot:Task complete
DEBUG:TeleBot:Received task
DEBUG:TeleBot:Request: method=get url=https://api.telegram.org/bot806603779:AAGXStpRxg5Gks5o2nUKh_JOYziZObKXoCs/getUpdates params={'offset': 108939595, 'timeout': 20} files=None
DEBUG:requests.packages.urllib3.connectionpool:"GET /bot806603779:AAGXStpRxg5Gks5o2nUKh_JOYziZObKXoCs/getUpdates?offset=108939595&timeout=20 HTTP/1.1" 200 23
DEBUG:TeleBot:The server returned: 'b'{"ok":true,"result":[]}''
DEBUG:TeleBot:Received 0 new updates
DEBUG:TeleBot:Task complete
DEBUG:TeleBot:Received task
DEBUG:TeleBot:Request: method=get url=https://api.telegram.org/bot806603779:AAGXStpRxg5Gks5o2nUKh_JOYziZObKXoCs/getUpdates params={'offset': 108939595, 'timeout': 20} files=None
DEBUG:requests.packages.urllib3.connectionpool:"GET /bot806603779:AAGXStpRxg5Gks5o2nUKh_JOYziZObKXoCs/getUpdates?offset=108939595&timeout=20 HTTP/1.1" 200 23
DEBUG:TeleBot:The server returned: 'b'{"ok":true,"result":[]}''
DEBUG:TeleBot:Received 0 new updates
DEBUG:TeleBot:Task complete
DEBUG:TeleBot:Received task
DEBUG:TeleBot:Request: method=get url=https://api.telegram.org/bot806603779:AAGXStpRxg5Gks5o2nUKh_JOYziZObKXoCs/getUpdates params={'offset': 108939595, 'timeout': 20} files=None
DEBUG:requests.packages.urllib3.connectionpool:"GET /bot806603779:AAGXStpRxg5Gks5o2nUKh_JOYziZObKXoCs/getUpdates?offset=108939595&timeout=20 HTTP/1.1" 200 23
DEBUG:TeleBot:The server returned: 'b'{"ok":true,"result":[]}''
DEBUG:TeleBot:Received 0 new updates
DEBUG:TeleBot:Task complete
DEBUG:TeleBot:Received task
DEBUG:TeleBot:Request: method=get url=https://api.telegram.org/bot806603779:AAGXStpRxg5Gks5o2nUKh_JOYziZObKXoCs/getUpdates params={'offset': 108939595, 'timeout': 20} files=None
DEBUG:requests.packages.urllib3.connectionpool:"GET /bot806603779:AAGXStpRxg5Gks5o2nUKh_JOYziZObKXoCs/getUpdates?offset=108939595&timeout=20 HTTP/1.1" 200 23
DEBUG:TeleBot:The server returned: 'b'{"ok":true,"result":[]}''
DEBUG:TeleBot:Received 0 new updates
DEBUG:TeleBot:Task complete
DEBUG:TeleBot:Received task
DEBUG:TeleBot:Request: method=get url=https://api.telegram.org/bot806603779:AAGXStpRxg5Gks5o2nUKh_JOYziZObKXoCs/getUpdates params={'offset': 108939595, 'timeout': 20} files=None
DEBUG:requests.packages.urllib3.connectionpool:"GET /bot806603779:AAGXStpRxg5Gks5o2nUKh_JOYziZObKXoCs/getUpdates?offset=108939595&timeout=20 HTTP/1.1" 200 23
DEBUG:TeleBot:The server returned: 'b'{"ok":true,"result":[]}''
DEBUG:TeleBot:Received 0 new updates
DEBUG:TeleBot:Task complete
DEBUG:TeleBot:Received task
DEBUG:TeleBot:Request: method=get url=https://api.telegram.org/bot806603779:AAGXStpRxg5Gks5o2nUKh_JOYziZObKXoCs/getUpdates params={'offset': 108939595, 'timeout': 20} files=None
DEBUG:requests.packages.urllib3.connectionpool:"GET /bot806603779:AAGXStpRxg5Gks5o2nUKh_JOYziZObKXoCs/getUpdates?offset=108939595&timeout=20 HTTP/1.1" 200 23
DEBUG:TeleBot:The server returned: 'b'{"ok":true,"result":[]}''
DEBUG:TeleBot:Received 0 new updates
DEBUG:TeleBot:Task complete
DEBUG:TeleBot:Received task
DEBUG:TeleBot:Request: method=get url=https://api.telegram.org/bot806603779:AAGXStpRxg5Gks5o2nUKh_JOYziZObKXoCs/getUpdates params={'offset': 108939595, 'timeout': 20} files=None
DEBUG:requests.packages.urllib3.connectionpool:"GET /bot806603779:AAGXStpRxg5Gks5o2nUKh_JOYziZObKXoCs/getUpdates?offset=108939595&timeout=20 HTTP/1.1" 200 23
DEBUG:TeleBot:The server returned: 'b'{"ok":true,"result":[]}''
DEBUG:TeleBot:Received 0 new updates
DEBUG:TeleBot:Task complete
DEBUG:TeleBot:Received task
DEBUG:TeleBot:Request: method=get url=https://api.telegram.org/bot806603779:AAGXStpRxg5Gks5o2nUKh_JOYziZObKXoCs/getUpdates params={'offset': 108939595, 'timeout': 20} files=None
DEBUG:requests.packages.urllib3.connectionpool:"GET /bot806603779:AAGXStpRxg5Gks5o2nUKh_JOYziZObKXoCs/getUpdates?offset=108939595&timeout=20 HTTP/1.1" 200 23
DEBUG:TeleBot:The server returned: 'b'{"ok":true,"result":[]}''
DEBUG:TeleBot:Received 0 new updates
DEBUG:TeleBot:Task complete
DEBUG:TeleBot:Received task
DEBUG:TeleBot:Request: method=get url=https://api.telegram.org/bot806603779:AAGXStpRxg5Gks5o2nUKh_JOYziZObKXoCs/getUpdates params={'offset': 108939595, 'timeout': 20} files=None
DEBUG:requests.packages.urllib3.connectionpool:"GET /bot806603779:AAGXStpRxg5Gks5o2nUKh_JOYziZObKXoCs/getUpdates?offset=108939595&timeout=20 HTTP/1.1" 200 23
DEBUG:TeleBot:The server returned: 'b'{"ok":true,"result":[]}''
DEBUG:TeleBot:Received 0 new updates
DEBUG:TeleBot:Task complete
DEBUG:TeleBot:Received task
DEBUG:TeleBot:Request: method=get url=https://api.telegram.org/bot806603779:AAGXStpRxg5Gks5o2nUKh_JOYziZObKXoCs/getUpdates params={'offset': 108939595, 'timeout': 20} files=None
DEBUG:requests.packages.urllib3.connectionpool:"GET /bot806603779:AAGXStpRxg5Gks5o2nUKh_JOYziZObKXoCs/getUpdates?offset=108939595&timeout=20 HTTP/1.1" 200 23
DEBUG:TeleBot:The server returned: 'b'{"ok":true,"result":[]}''
DEBUG:TeleBot:Received 0 new updates
DEBUG:TeleBot:Task complete
DEBUG:TeleBot:Received task
DEBUG:TeleBot:Request: method=get url=https://api.telegram.org/bot806603779:AAGXStpRxg5Gks5o2nUKh_JOYziZObKXoCs/getUpdates params={'offset': 108939595, 'timeout': 20} files=None
DEBUG:requests.packages.urllib3.connectionpool:"GET /bot806603779:AAGXStpRxg5Gks5o2nUKh_JOYziZObKXoCs/getUpdates?offset=108939595&timeout=20 HTTP/1.1" 200 23
DEBUG:TeleBot:The server returned: 'b'{"ok":true,"result":[]}''
DEBUG:TeleBot:Received 0 new updates
DEBUG:TeleBot:Task complete
DEBUG:TeleBot:Received task
DEBUG:TeleBot:Request: method=get url=https://api.telegram.org/bot806603779:AAGXStpRxg5Gks5o2nUKh_JOYziZObKXoCs/getUpdates params={'offset': 108939595, 'timeout': 20} files=None
DEBUG:requests.packages.urllib3.connectionpool:"GET /bot806603779:AAGXStpRxg5Gks5o2nUKh_JOYziZObKXoCs/getUpdates?offset=108939595&timeout=20 HTTP/1.1" 200 23
DEBUG:TeleBot:The server returned: 'b'{"ok":true,"result":[]}''
DEBUG:TeleBot:Received 0 new updates
DEBUG:TeleBot:Task complete
DEBUG:TeleBot:Received task
DEBUG:TeleBot:Request: method=get url=https://api.telegram.org/bot806603779:AAGXStpRxg5Gks5o2nUKh_JOYziZObKXoCs/getUpdates params={'offset': 108939595, 'timeout': 20} files=None
DEBUG:requests.packages.urllib3.connectionpool:"GET /bot806603779:AAGXStpRxg5Gks5o2nUKh_JOYziZObKXoCs/getUpdates?offset=108939595&timeout=20 HTTP/1.1" 200 23
DEBUG:TeleBot:The server returned: 'b'{"ok":true,"result":[]}''
DEBUG:TeleBot:Received 0 new updates
DEBUG:TeleBot:Task complete
DEBUG:TeleBot:Received task
DEBUG:TeleBot:Request: method=get url=https://api.telegram.org/bot806603779:AAGXStpRxg5Gks5o2nUKh_JOYziZObKXoCs/getUpdates params={'offset': 108939595, 'timeout': 20} files=None
DEBUG:requests.packages.urllib3.connectionpool:"GET /bot806603779:AAGXStpRxg5Gks5o2nUKh_JOYziZObKXoCs/getUpdates?offset=108939595&timeout=20 HTTP/1.1" 200 23
DEBUG:TeleBot:The server returned: 'b'{"ok":true,"result":[]}''
DEBUG:TeleBot:Received 0 new updates
DEBUG:TeleBot:Task complete
DEBUG:TeleBot:Received task
DEBUG:TeleBot:Request: method=get url=https://api.telegram.org/bot806603779:AAGXStpRxg5Gks5o2nUKh_JOYziZObKXoCs/getUpdates params={'offset': 108939595, 'timeout': 20} files=None
DEBUG:requests.packages.urllib3.connectionpool:"GET /bot806603779:AAGXStpRxg5Gks5o2nUKh_JOYziZObKXoCs/getUpdates?offset=108939595&timeout=20 HTTP/1.1" 200 23
DEBUG:TeleBot:The server returned: 'b'{"ok":true,"result":[]}''
DEBUG:TeleBot:Received 0 new updates
DEBUG:TeleBot:Task complete
DEBUG:TeleBot:Received task
DEBUG:TeleBot:Request: method=get url=https://api.telegram.org/bot806603779:AAGXStpRxg5Gks5o2nUKh_JOYziZObKXoCs/getUpdates params={'offset': 108939595, 'timeout': 20} files=None
DEBUG:requests.packages.urllib3.connectionpool:"GET /bot806603779:AAGXStpRxg5Gks5o2nUKh_JOYziZObKXoCs/getUpdates?offset=108939595&timeout=20 HTTP/1.1" 200 23
DEBUG:TeleBot:The server returned: 'b'{"ok":true,"result":[]}''
DEBUG:TeleBot:Received 0 new updates
DEBUG:TeleBot:Task complete
DEBUG:TeleBot:Received task
DEBUG:TeleBot:Request: method=get url=https://api.telegram.org/bot806603779:AAGXStpRxg5Gks5o2nUKh_JOYziZObKXoCs/getUpdates params={'offset': 108939595, 'timeout': 20} files=None
DEBUG:requests.packages.urllib3.connectionpool:"GET /bot806603779:AAGXStpRxg5Gks5o2nUKh_JOYziZObKXoCs/getUpdates?offset=108939595&timeout=20 HTTP/1.1" 200 23
DEBUG:TeleBot:The server returned: 'b'{"ok":true,"result":[]}''
DEBUG:TeleBot:Received 0 new updates
DEBUG:TeleBot:Task complete
DEBUG:TeleBot:Received task
DEBUG:TeleBot:Request: method=get url=https://api.telegram.org/bot806603779:AAGXStpRxg5Gks5o2nUKh_JOYziZObKXoCs/getUpdates params={'offset': 108939595, 'timeout': 20} files=None
DEBUG:requests.packages.urllib3.connectionpool:"GET /bot806603779:AAGXStpRxg5Gks5o2nUKh_JOYziZObKXoCs/getUpdates?offset=108939595&timeout=20 HTTP/1.1" 200 23
DEBUG:TeleBot:The server returned: 'b'{"ok":true,"result":[]}''
DEBUG:TeleBot:Received 0 new updates
DEBUG:TeleBot:Task complete
DEBUG:TeleBot:Received task
DEBUG:TeleBot:Request: method=get url=https://api.telegram.org/bot806603779:AAGXStpRxg5Gks5o2nUKh_JOYziZObKXoCs/getUpdates params={'offset': 108939595, 'timeout': 20} files=None
DEBUG:requests.packages.urllib3.connectionpool:"GET /bot806603779:AAGXStpRxg5Gks5o2nUKh_JOYziZObKXoCs/getUpdates?offset=108939595&timeout=20 HTTP/1.1" 200 23
DEBUG:TeleBot:The server returned: 'b'{"ok":true,"result":[]}''
DEBUG:TeleBot:Received 0 new updates
DEBUG:TeleBot:Task complete
DEBUG:TeleBot:Received task
DEBUG:TeleBot:Request: method=get url=https://api.telegram.org/bot806603779:AAGXStpRxg5Gks5o2nUKh_JOYziZObKXoCs/getUpdates params={'offset': 108939595, 'timeout': 20} files=None
DEBUG:requests.packages.urllib3.connectionpool:"GET /bot806603779:AAGXStpRxg5Gks5o2nUKh_JOYziZObKXoCs/getUpdates?offset=108939595&timeout=20 HTTP/1.1" 200 23
DEBUG:TeleBot:The server returned: 'b'{"ok":true,"result":[]}''
DEBUG:TeleBot:Received 0 new updates
DEBUG:TeleBot:Task complete
DEBUG:TeleBot:Received task
DEBUG:TeleBot:Request: method=get url=https://api.telegram.org/bot806603779:AAGXStpRxg5Gks5o2nUKh_JOYziZObKXoCs/getUpdates params={'offset': 108939595, 'timeout': 20} files=None
DEBUG:requests.packages.urllib3.connectionpool:"GET /bot806603779:AAGXStpRxg5Gks5o2nUKh_JOYziZObKXoCs/getUpdates?offset=108939595&timeout=20 HTTP/1.1" 200 23
DEBUG:TeleBot:The server returned: 'b'{"ok":true,"result":[]}''
DEBUG:TeleBot:Received 0 new updates
DEBUG:TeleBot:Task complete
DEBUG:TeleBot:Received task
DEBUG:TeleBot:Request: method=get url=https://api.telegram.org/bot806603779:AAGXStpRxg5Gks5o2nUKh_JOYziZObKXoCs/getUpdates params={'offset': 108939595, 'timeout': 20} files=None
DEBUG:requests.packages.urllib3.connectionpool:"GET /bot806603779:AAGXStpRxg5Gks5o2nUKh_JOYziZObKXoCs/getUpdates?offset=108939595&timeout=20 HTTP/1.1" 200 23
DEBUG:TeleBot:The server returned: 'b'{"ok":true,"result":[]}''
DEBUG:TeleBot:Received 0 new updates
DEBUG:TeleBot:Task complete
DEBUG:TeleBot:Received task
DEBUG:TeleBot:Request: method=get url=https://api.telegram.org/bot806603779:AAGXStpRxg5Gks5o2nUKh_JOYziZObKXoCs/getUpdates params={'offset': 108939595, 'timeout': 20} files=None
DEBUG:requests.packages.urllib3.connectionpool:"GET /bot806603779:AAGXStpRxg5Gks5o2nUKh_JOYziZObKXoCs/getUpdates?offset=108939595&timeout=20 HTTP/1.1" 200 23
DEBUG:TeleBot:The server returned: 'b'{"ok":true,"result":[]}''
DEBUG:TeleBot:Received 0 new updates
DEBUG:TeleBot:Task complete
DEBUG:TeleBot:Received task
DEBUG:TeleBot:Request: method=get url=https://api.telegram.org/bot806603779:AAGXStpRxg5Gks5o2nUKh_JOYziZObKXoCs/getUpdates params={'offset': 108939595, 'timeout': 20} files=None
DEBUG:requests.packages.urllib3.connectionpool:"GET /bot806603779:AAGXStpRxg5Gks5o2nUKh_JOYziZObKXoCs/getUpdates?offset=108939595&timeout=20 HTTP/1.1" 200 23
DEBUG:TeleBot:The server returned: 'b'{"ok":true,"result":[]}''
DEBUG:TeleBot:Received 0 new updates
DEBUG:TeleBot:Task complete
DEBUG:TeleBot:Received task
DEBUG:TeleBot:Request: method=get url=https://api.telegram.org/bot806603779:AAGXStpRxg5Gks5o2nUKh_JOYziZObKXoCs/getUpdates params={'offset': 108939595, 'timeout': 20} files=None
DEBUG:requests.packages.urllib3.connectionpool:"GET /bot806603779:AAGXStpRxg5Gks5o2nUKh_JOYziZObKXoCs/getUpdates?offset=108939595&timeout=20 HTTP/1.1" 200 23
DEBUG:TeleBot:The server returned: 'b'{"ok":true,"result":[]}''
DEBUG:TeleBot:Received 0 new updates
DEBUG:TeleBot:Task complete
DEBUG:TeleBot:Received task
DEBUG:TeleBot:Request: method=get url=https://api.telegram.org/bot806603779:AAGXStpRxg5Gks5o2nUKh_JOYziZObKXoCs/getUpdates params={'offset': 108939595, 'timeout': 20} files=None
DEBUG:requests.packages.urllib3.connectionpool:"GET /bot806603779:AAGXStpRxg5Gks5o2nUKh_JOYziZObKXoCs/getUpdates?offset=108939595&timeout=20 HTTP/1.1" 200 23
DEBUG:TeleBot:The server returned: 'b'{"ok":true,"result":[]}''
DEBUG:TeleBot:Received 0 new updates
DEBUG:TeleBot:Task complete
DEBUG:TeleBot:Received task
DEBUG:TeleBot:Request: method=get url=https://api.telegram.org/bot806603779:AAGXStpRxg5Gks5o2nUKh_JOYziZObKXoCs/getUpdates params={'offset': 108939595, 'timeout': 20} files=None
DEBUG:requests.packages.urllib3.connectionpool:"GET /bot806603779:AAGXStpRxg5Gks5o2nUKh_JOYziZObKXoCs/getUpdates?offset=108939595&timeout=20 HTTP/1.1" 200 23
DEBUG:TeleBot:The server returned: 'b'{"ok":true,"result":[]}''
DEBUG:TeleBot:Received 0 new updates
DEBUG:TeleBot:Task complete
DEBUG:TeleBot:Received task
DEBUG:TeleBot:Request: method=get url=https://api.telegram.org/bot806603779:AAGXStpRxg5Gks5o2nUKh_JOYziZObKXoCs/getUpdates params={'offset': 108939595, 'timeout': 20} files=None
DEBUG:requests.packages.urllib3.connectionpool:"GET /bot806603779:AAGXStpRxg5Gks5o2nUKh_JOYziZObKXoCs/getUpdates?offset=108939595&timeout=20 HTTP/1.1" 200 23
DEBUG:TeleBot:The server returned: 'b'{"ok":true,"result":[]}''
DEBUG:TeleBot:Received 0 new updates
DEBUG:TeleBot:Task complete
DEBUG:TeleBot:Received task
DEBUG:TeleBot:Request: method=get url=https://api.telegram.org/bot806603779:AAGXStpRxg5Gks5o2nUKh_JOYziZObKXoCs/getUpdates params={'offset': 108939595, 'timeout': 20} files=None
DEBUG:requests.packages.urllib3.connectionpool:"GET /bot806603779:AAGXStpRxg5Gks5o2nUKh_JOYziZObKXoCs/getUpdates?offset=108939595&timeout=20 HTTP/1.1" 200 23
DEBUG:TeleBot:The server returned: 'b'{"ok":true,"result":[]}''
DEBUG:TeleBot:Received 0 new updates
DEBUG:TeleBot:Task complete
DEBUG:TeleBot:Received task
DEBUG:TeleBot:Request: method=get url=https://api.telegram.org/bot806603779:AAGXStpRxg5Gks5o2nUKh_JOYziZObKXoCs/getUpdates params={'offset': 108939595, 'timeout': 20} files=None
DEBUG:requests.packages.urllib3.connectionpool:"GET /bot806603779:AAGXStpRxg5Gks5o2nUKh_JOYziZObKXoCs/getUpdates?offset=108939595&timeout=20 HTTP/1.1" 200 23
DEBUG:TeleBot:The server returned: 'b'{"ok":true,"result":[]}''
DEBUG:TeleBot:Received 0 new updates
DEBUG:TeleBot:Task complete
DEBUG:TeleBot:Received task
DEBUG:TeleBot:Request: method=get url=https://api.telegram.org/bot806603779:AAGXStpRxg5Gks5o2nUKh_JOYziZObKXoCs/getUpdates params={'offset': 108939595, 'timeout': 20} files=None
DEBUG:requests.packages.urllib3.connectionpool:"GET /bot806603779:AAGXStpRxg5Gks5o2nUKh_JOYziZObKXoCs/getUpdates?offset=108939595&timeout=20 HTTP/1.1" 200 23
DEBUG:TeleBot:The server returned: 'b'{"ok":true,"result":[]}''
DEBUG:TeleBot:Received 0 new updates
DEBUG:TeleBot:Task complete
DEBUG:TeleBot:Received task
DEBUG:TeleBot:Request: method=get url=https://api.telegram.org/bot806603779:AAGXStpRxg5Gks5o2nUKh_JOYziZObKXoCs/getUpdates params={'offset': 108939595, 'timeout': 20} files=None
DEBUG:requests.packages.urllib3.connectionpool:"GET /bot806603779:AAGXStpRxg5Gks5o2nUKh_JOYziZObKXoCs/getUpdates?offset=108939595&timeout=20 HTTP/1.1" 200 23
DEBUG:TeleBot:The server returned: 'b'{"ok":true,"result":[]}''
DEBUG:TeleBot:Received 0 new updates
DEBUG:TeleBot:Task complete
DEBUG:TeleBot:Received task
DEBUG:TeleBot:Request: method=get url=https://api.telegram.org/bot806603779:AAGXStpRxg5Gks5o2nUKh_JOYziZObKXoCs/getUpdates params={'offset': 108939595, 'timeout': 20} files=None
DEBUG:requests.packages.urllib3.connectionpool:"GET /bot806603779:AAGXStpRxg5Gks5o2nUKh_JOYziZObKXoCs/getUpdates?offset=108939595&timeout=20 HTTP/1.1" 200 23
DEBUG:TeleBot:The server returned: 'b'{"ok":true,"result":[]}''
DEBUG:TeleBot:Received 0 new updates
DEBUG:TeleBot:Task complete
DEBUG:TeleBot:Received task
DEBUG:TeleBot:Request: method=get url=https://api.telegram.org/bot806603779:AAGXStpRxg5Gks5o2nUKh_JOYziZObKXoCs/getUpdates params={'offset': 108939595, 'timeout': 20} files=None
DEBUG:requests.packages.urllib3.connectionpool:"GET /bot806603779:AAGXStpRxg5Gks5o2nUKh_JOYziZObKXoCs/getUpdates?offset=108939595&timeout=20 HTTP/1.1" 200 23
DEBUG:TeleBot:The server returned: 'b'{"ok":true,"result":[]}''
DEBUG:TeleBot:Received 0 new updates
DEBUG:TeleBot:Task complete
DEBUG:TeleBot:Received task
DEBUG:TeleBot:Request: method=get url=https://api.telegram.org/bot806603779:AAGXStpRxg5Gks5o2nUKh_JOYziZObKXoCs/getUpdates params={'offset': 108939595, 'timeout': 20} files=None
DEBUG:requests.packages.urllib3.connectionpool:"GET /bot806603779:AAGXStpRxg5Gks5o2nUKh_JOYziZObKXoCs/getUpdates?offset=108939595&timeout=20 HTTP/1.1" 200 23
DEBUG:TeleBot:The server returned: 'b'{"ok":true,"result":[]}''
DEBUG:TeleBot:Received 0 new updates
DEBUG:TeleBot:Task complete
DEBUG:TeleBot:Received task
DEBUG:TeleBot:Request: method=get url=https://api.telegram.org/bot806603779:AAGXStpRxg5Gks5o2nUKh_JOYziZObKXoCs/getUpdates params={'offset': 108939595, 'timeout': 20} files=None
DEBUG:requests.packages.urllib3.connectionpool:"GET /bot806603779:AAGXStpRxg5Gks5o2nUKh_JOYziZObKXoCs/getUpdates?offset=108939595&timeout=20 HTTP/1.1" 200 23
DEBUG:TeleBot:The server returned: 'b'{"ok":true,"result":[]}''
DEBUG:TeleBot:Received 0 new updates
DEBUG:TeleBot:Task complete
DEBUG:TeleBot:Received task
DEBUG:TeleBot:Request: method=get url=https://api.telegram.org/bot806603779:AAGXStpRxg5Gks5o2nUKh_JOYziZObKXoCs/getUpdates params={'offset': 108939595, 'timeout': 20} files=None
DEBUG:requests.packages.urllib3.connectionpool:"GET /bot806603779:AAGXStpRxg5Gks5o2nUKh_JOYziZObKXoCs/getUpdates?offset=108939595&timeout=20 HTTP/1.1" 200 23
DEBUG:TeleBot:The server returned: 'b'{"ok":true,"result":[]}''
DEBUG:TeleBot:Received 0 new updates
DEBUG:TeleBot:Task complete
DEBUG:TeleBot:Received task
DEBUG:TeleBot:Request: method=get url=https://api.telegram.org/bot806603779:AAGXStpRxg5Gks5o2nUKh_JOYziZObKXoCs/getUpdates params={'offset': 108939595, 'timeout': 20} files=None
DEBUG:requests.packages.urllib3.connectionpool:"GET /bot806603779:AAGXStpRxg5Gks5o2nUKh_JOYziZObKXoCs/getUpdates?offset=108939595&timeout=20 HTTP/1.1" 200 23
DEBUG:TeleBot:The server returned: 'b'{"ok":true,"result":[]}''
DEBUG:TeleBot:Received 0 new updates
DEBUG:TeleBot:Task complete
DEBUG:TeleBot:Received task
DEBUG:TeleBot:Request: method=get url=https://api.telegram.org/bot806603779:AAGXStpRxg5Gks5o2nUKh_JOYziZObKXoCs/getUpdates params={'offset': 108939595, 'timeout': 20} files=None
DEBUG:requests.packages.urllib3.connectionpool:"GET /bot806603779:AAGXStpRxg5Gks5o2nUKh_JOYziZObKXoCs/getUpdates?offset=108939595&timeout=20 HTTP/1.1" 200 23
DEBUG:TeleBot:The server returned: 'b'{"ok":true,"result":[]}''
DEBUG:TeleBot:Received 0 new updates
DEBUG:TeleBot:Task complete
DEBUG:TeleBot:Received task
DEBUG:TeleBot:Request: method=get url=https://api.telegram.org/bot806603779:AAGXStpRxg5Gks5o2nUKh_JOYziZObKXoCs/getUpdates params={'offset': 108939595, 'timeout': 20} files=None
DEBUG:requests.packages.urllib3.connectionpool:"GET /bot806603779:AAGXStpRxg5Gks5o2nUKh_JOYziZObKXoCs/getUpdates?offset=108939595&timeout=20 HTTP/1.1" 200 23
DEBUG:TeleBot:The server returned: 'b'{"ok":true,"result":[]}''
DEBUG:TeleBot:Received 0 new updates
DEBUG:TeleBot:Task complete
DEBUG:TeleBot:Received task
DEBUG:TeleBot:Request: method=get url=https://api.telegram.org/bot806603779:AAGXStpRxg5Gks5o2nUKh_JOYziZObKXoCs/getUpdates params={'offset': 108939595, 'timeout': 20} files=None
DEBUG:requests.packages.urllib3.connectionpool:"GET /bot806603779:AAGXStpRxg5Gks5o2nUKh_JOYziZObKXoCs/getUpdates?offset=108939595&timeout=20 HTTP/1.1" 200 23
DEBUG:TeleBot:The server returned: 'b'{"ok":true,"result":[]}''
DEBUG:TeleBot:Received 0 new updates
DEBUG:TeleBot:Task complete
DEBUG:TeleBot:Received task
DEBUG:TeleBot:Request: method=get url=https://api.telegram.org/bot806603779:AAGXStpRxg5Gks5o2nUKh_JOYziZObKXoCs/getUpdates params={'offset': 108939595, 'timeout': 20} files=None
DEBUG:requests.packages.urllib3.connectionpool:"GET /bot806603779:AAGXStpRxg5Gks5o2nUKh_JOYziZObKXoCs/getUpdates?offset=108939595&timeout=20 HTTP/1.1" 200 358
DEBUG:TeleBot:The server returned: 'b'{"ok":true,"result":[{"update_id":108939595,\n"message":{"message_id":53,"from":{"id":491458288,"is_bot":false,"first_name":"Zhanat","last_name":"Kabdolda","language_code":"ru"},"chat":{"id":491458288,"first_name":"Zhanat","last_name":"Kabdolda","type":"private"},"date":1595180972,"text":"/start","entities":[{"offset":0,"length":6,"type":"bot_command"}]}}]}''
DEBUG:TeleBot:Received 1 new updates
DEBUG:TeleBot:Task complete
DEBUG:TeleBot:Received task
DEBUG:TeleBot:Received task
DEBUG:TeleBot:Request: method=get url=https://api.telegram.org/bot806603779:AAGXStpRxg5Gks5o2nUKh_JOYziZObKXoCs/forwardMessage params={'chat_id': -1001438155243, 'from_chat_id': 491458288, 'message_id': 53} files=None
DEBUG:TeleBot:Request: method=get url=https://api.telegram.org/bot806603779:AAGXStpRxg5Gks5o2nUKh_JOYziZObKXoCs/getUpdates params={'offset': 108939596, 'timeout': 20} files=None
INFO:requests.packages.urllib3.connectionpool:Resetting dropped connection: api.telegram.org
DEBUG:requests.packages.urllib3.connectionpool:"GET /bot806603779:AAGXStpRxg5Gks5o2nUKh_JOYziZObKXoCs/forwardMessage?chat_id=-1001438155243&from_chat_id=491458288&message_id=53 HTTP/1.1" 200 422
DEBUG:TeleBot:The server returned: 'b'{"ok":true,"result":{"message_id":19,"chat":{"id":-1001438155243,"title":"B2U \\u0421\\u043e\\u043e\\u0431\\u0449\\u0435\\u043d\\u0438\\u044f \\u043d\\u0430 \\u0431\\u043e\\u0442\\u0430","type":"channel"},"date":1595180972,"forward_from":{"id":491458288,"is_bot":false,"first_name":"Zhanat","last_name":"Kabdolda","language_code":"ru"},"forward_date":1595180972,"text":"/start","entities":[{"offset":0,"length":6,"type":"bot_command"}]}}''
DEBUG:TeleBot:Request: method=post url=https://api.telegram.org/bot806603779:AAGXStpRxg5Gks5o2nUKh_JOYziZObKXoCs/sendMessage params={'chat_id': '491458288', 'text': 'Пройдите регистрацию: укажите свой номер', 'reply_markup': '{"keyboard": [[{"text": "\\u041f\\u0440\\u043e\\u0439\\u0442\\u0438 \\u0440\\u0435\\u0433\\u0438\\u0441\\u0442\\u0440\\u0430\\u0446\\u0438\\u044e", "request_contact": true}]], "one_time_keyboard": true}'} files=None
DEBUG:requests.packages.urllib3.connectionpool:"POST /bot806603779:AAGXStpRxg5Gks5o2nUKh_JOYziZObKXoCs/sendMessage?chat_id=491458288&text=%D0%9F%D1%80%D0%BE%D0%B9%D0%B4%D0%B8%D1%82%D0%B5+%D1%80%D0%B5%D0%B3%D0%B8%D1%81%D1%82%D1%80%D0%B0%D1%86%D0%B8%D1%8E%3A+%D1%83%D0%BA%D0%B0%D0%B6%D0%B8%D1%82%D0%B5+%D1%81%D0%B2%D0%BE%D0%B9+%D0%BD%D0%BE%D0%BC%D0%B5%D1%80&reply_markup=%7B%22keyboard%22%3A+%5B%5B%7B%22text%22%3A+%22%5Cu041f%5Cu0440%5Cu043e%5Cu0439%5Cu0442%5Cu0438+%5Cu0440%5Cu0435%5Cu0433%5Cu0438%5Cu0441%5Cu0442%5Cu0440%5Cu0430%5Cu0446%5Cu0438%5Cu044e%22%2C+%22request_contact%22%3A+true%7D%5D%5D%2C+%22one_time_keyboard%22%3A+true%7D HTTP/1.1" 200 446
DEBUG:TeleBot:The server returned: 'b'{"ok":true,"result":{"message_id":54,"from":{"id":806603779,"is_bot":true,"first_name":"b2u","username":"b2urobot"},"chat":{"id":491458288,"first_name":"Zhanat","last_name":"Kabdolda","type":"private"},"date":1595180972,"text":"\\u041f\\u0440\\u043e\\u0439\\u0434\\u0438\\u0442\\u0435 \\u0440\\u0435\\u0433\\u0438\\u0441\\u0442\\u0440\\u0430\\u0446\\u0438\\u044e: \\u0443\\u043a\\u0430\\u0436\\u0438\\u0442\\u0435 \\u0441\\u0432\\u043e\\u0439 \\u043d\\u043e\\u043c\\u0435\\u0440"}}''
DEBUG:TeleBot:Task complete
DEBUG:requests.packages.urllib3.connectionpool:"GET /bot806603779:AAGXStpRxg5Gks5o2nUKh_JOYziZObKXoCs/getUpdates?offset=108939596&timeout=20 HTTP/1.1" 200 835
DEBUG:TeleBot:The server returned: 'b'{"ok":true,"result":[{"update_id":108939596,\n"message":{"message_id":55,"from":{"id":491458288,"is_bot":false,"first_name":"Zhanat","last_name":"Kabdolda","language_code":"ru"},"chat":{"id":491458288,"first_name":"Zhanat","last_name":"Kabdolda","type":"private"},"date":1595180977,"reply_to_message":{"message_id":54,"from":{"id":806603779,"is_bot":true,"first_name":"b2u","username":"b2urobot"},"chat":{"id":491458288,"first_name":"Zhanat","last_name":"Kabdolda","type":"private"},"date":1595180972,"text":"\\u041f\\u0440\\u043e\\u0439\\u0434\\u0438\\u0442\\u0435 \\u0440\\u0435\\u0433\\u0438\\u0441\\u0442\\u0440\\u0430\\u0446\\u0438\\u044e: \\u0443\\u043a\\u0430\\u0436\\u0438\\u0442\\u0435 \\u0441\\u0432\\u043e\\u0439 \\u043d\\u043e\\u043c\\u0435\\u0440"},"contact":{"phone_number":"77012226261","first_name":"Zhanat","last_name":"Kabdolda","user_id":491458288}}}]}''
DEBUG:TeleBot:Received 1 new updates
DEBUG:TeleBot:Task complete
DEBUG:TeleBot:Received task
DEBUG:TeleBot:Request: method=get url=https://api.telegram.org/bot806603779:AAGXStpRxg5Gks5o2nUKh_JOYziZObKXoCs/forwardMessage params={'chat_id': -1001438155243, 'from_chat_id': 491458288, 'message_id': 55} files=None
DEBUG:TeleBot:Received task
DEBUG:TeleBot:Request: method=get url=https://api.telegram.org/bot806603779:AAGXStpRxg5Gks5o2nUKh_JOYziZObKXoCs/getUpdates params={'offset': 108939597, 'timeout': 20} files=None
DEBUG:requests.packages.urllib3.connectionpool:"GET /bot806603779:AAGXStpRxg5Gks5o2nUKh_JOYziZObKXoCs/forwardMessage?chat_id=-1001438155243&from_chat_id=491458288&message_id=55 HTTP/1.1" 200 454
DEBUG:TeleBot:The server returned: 'b'{"ok":true,"result":{"message_id":20,"chat":{"id":-1001438155243,"title":"B2U \\u0421\\u043e\\u043e\\u0431\\u0449\\u0435\\u043d\\u0438\\u044f \\u043d\\u0430 \\u0431\\u043e\\u0442\\u0430","type":"channel"},"date":1595180977,"forward_from":{"id":491458288,"is_bot":false,"first_name":"Zhanat","last_name":"Kabdolda","language_code":"ru"},"forward_date":1595180977,"contact":{"phone_number":"77012226261","first_name":"Zhanat","last_name":"Kabdolda","user_id":491458288}}}''
DEBUG:TeleBot:Request: method=post url=https://api.telegram.org/bot806603779:AAGXStpRxg5Gks5o2nUKh_JOYziZObKXoCs/sendMessage params={'chat_id': '491458288', 'text': 'Введите фамилию и имя:', 'reply_markup': '{"force_reply": true}'} files=None
DEBUG:requests.packages.urllib3.connectionpool:"POST /bot806603779:AAGXStpRxg5Gks5o2nUKh_JOYziZObKXoCs/sendMessage?chat_id=491458288&text=%D0%92%D0%B2%D0%B5%D0%B4%D0%B8%D1%82%D0%B5+%D1%84%D0%B0%D0%BC%D0%B8%D0%BB%D0%B8%D1%8E+%D0%B8+%D0%B8%D0%BC%D1%8F%3A&reply_markup=%7B%22force_reply%22%3A+true%7D HTTP/1.1" 200 343
DEBUG:TeleBot:The server returned: 'b'{"ok":true,"result":{"message_id":56,"from":{"id":806603779,"is_bot":true,"first_name":"b2u","username":"b2urobot"},"chat":{"id":491458288,"first_name":"Zhanat","last_name":"Kabdolda","type":"private"},"date":1595180978,"text":"\\u0412\\u0432\\u0435\\u0434\\u0438\\u0442\\u0435 \\u0444\\u0430\\u043c\\u0438\\u043b\\u0438\\u044e \\u0438 \\u0438\\u043c\\u044f:"}}''
DEBUG:TeleBot:Task complete
DEBUG:requests.packages.urllib3.connectionpool:"GET /bot806603779:AAGXStpRxg5Gks5o2nUKh_JOYziZObKXoCs/getUpdates?offset=108939597&timeout=20 HTTP/1.1" 200 358
DEBUG:TeleBot:The server returned: 'b'{"ok":true,"result":[{"update_id":108939597,\n"message":{"message_id":57,"from":{"id":1274188003,"is_bot":false,"first_name":"Adilet","last_name":"Tolegen","language_code":"ru"},"chat":{"id":1274188003,"first_name":"Adilet","last_name":"Tolegen","type":"private"},"date":1595180986,"text":"/start","entities":[{"offset":0,"length":6,"type":"bot_command"}]}}]}''
DEBUG:TeleBot:Received 1 new updates
DEBUG:TeleBot:Task complete
DEBUG:TeleBot:Received task
DEBUG:TeleBot:Received task
DEBUG:TeleBot:Request: method=get url=https://api.telegram.org/bot806603779:AAGXStpRxg5Gks5o2nUKh_JOYziZObKXoCs/forwardMessage params={'chat_id': -1001438155243, 'from_chat_id': 1274188003, 'message_id': 57} files=None
DEBUG:TeleBot:Request: method=get url=https://api.telegram.org/bot806603779:AAGXStpRxg5Gks5o2nUKh_JOYziZObKXoCs/getUpdates params={'offset': 108939598, 'timeout': 20} files=None
INFO:requests.packages.urllib3.connectionpool:Resetting dropped connection: api.telegram.org
DEBUG:requests.packages.urllib3.connectionpool:"GET /bot806603779:AAGXStpRxg5Gks5o2nUKh_JOYziZObKXoCs/forwardMessage?chat_id=-1001438155243&from_chat_id=1274188003&message_id=57 HTTP/1.1" 200 422
DEBUG:TeleBot:The server returned: 'b'{"ok":true,"result":{"message_id":21,"chat":{"id":-1001438155243,"title":"B2U \\u0421\\u043e\\u043e\\u0431\\u0449\\u0435\\u043d\\u0438\\u044f \\u043d\\u0430 \\u0431\\u043e\\u0442\\u0430","type":"channel"},"date":1595180987,"forward_from":{"id":1274188003,"is_bot":false,"first_name":"Adilet","last_name":"Tolegen","language_code":"ru"},"forward_date":1595180986,"text":"/start","entities":[{"offset":0,"length":6,"type":"bot_command"}]}}''
DEBUG:TeleBot:Request: method=post url=https://api.telegram.org/bot806603779:AAGXStpRxg5Gks5o2nUKh_JOYziZObKXoCs/sendMessage params={'chat_id': '1274188003', 'text': 'Пройдите регистрацию: укажите свой номер', 'reply_markup': '{"keyboard": [[{"text": "\\u041f\\u0440\\u043e\\u0439\\u0442\\u0438 \\u0440\\u0435\\u0433\\u0438\\u0441\\u0442\\u0440\\u0430\\u0446\\u0438\\u044e", "request_contact": true}]], "one_time_keyboard": true}'} files=None
DEBUG:requests.packages.urllib3.connectionpool:"POST /bot806603779:AAGXStpRxg5Gks5o2nUKh_JOYziZObKXoCs/sendMessage?chat_id=1274188003&text=%D0%9F%D1%80%D0%BE%D0%B9%D0%B4%D0%B8%D1%82%D0%B5+%D1%80%D0%B5%D0%B3%D0%B8%D1%81%D1%82%D1%80%D0%B0%D1%86%D0%B8%D1%8E%3A+%D1%83%D0%BA%D0%B0%D0%B6%D0%B8%D1%82%D0%B5+%D1%81%D0%B2%D0%BE%D0%B9+%D0%BD%D0%BE%D0%BC%D0%B5%D1%80&reply_markup=%7B%22keyboard%22%3A+%5B%5B%7B%22text%22%3A+%22%5Cu041f%5Cu0440%5Cu043e%5Cu0439%5Cu0442%5Cu0438+%5Cu0440%5Cu0435%5Cu0433%5Cu0438%5Cu0441%5Cu0442%5Cu0440%5Cu0430%5Cu0446%5Cu0438%5Cu044e%22%2C+%22request_contact%22%3A+true%7D%5D%5D%2C+%22one_time_keyboard%22%3A+true%7D HTTP/1.1" 200 446
DEBUG:TeleBot:The server returned: 'b'{"ok":true,"result":{"message_id":58,"from":{"id":806603779,"is_bot":true,"first_name":"b2u","username":"b2urobot"},"chat":{"id":1274188003,"first_name":"Adilet","last_name":"Tolegen","type":"private"},"date":1595180987,"text":"\\u041f\\u0440\\u043e\\u0439\\u0434\\u0438\\u0442\\u0435 \\u0440\\u0435\\u0433\\u0438\\u0441\\u0442\\u0440\\u0430\\u0446\\u0438\\u044e: \\u0443\\u043a\\u0430\\u0436\\u0438\\u0442\\u0435 \\u0441\\u0432\\u043e\\u0439 \\u043d\\u043e\\u043c\\u0435\\u0440"}}''
DEBUG:TeleBot:Task complete
DEBUG:requests.packages.urllib3.connectionpool:"GET /bot806603779:AAGXStpRxg5Gks5o2nUKh_JOYziZObKXoCs/getUpdates?offset=108939598&timeout=20 HTTP/1.1" 200 715
DEBUG:TeleBot:The server returned: 'b'{"ok":true,"result":[{"update_id":108939598,\n"message":{"message_id":59,"from":{"id":491458288,"is_bot":false,"first_name":"Zhanat","last_name":"Kabdolda","language_code":"ru"},"chat":{"id":491458288,"first_name":"Zhanat","last_name":"Kabdolda","type":"private"},"date":1595180989,"reply_to_message":{"message_id":56,"from":{"id":806603779,"is_bot":true,"first_name":"b2u","username":"b2urobot"},"chat":{"id":491458288,"first_name":"Zhanat","last_name":"Kabdolda","type":"private"},"date":1595180978,"text":"\\u0412\\u0432\\u0435\\u0434\\u0438\\u0442\\u0435 \\u0444\\u0430\\u043c\\u0438\\u043b\\u0438\\u044e \\u0438 \\u0438\\u043c\\u044f:"},"text":"\\u041a\\u0430\\u0431\\u0434\\u043e\\u043b\\u0434\\u0430 \\u0416\\u0430\\u043d\\u0430\\u0442"}}]}''
DEBUG:TeleBot:Received 1 new updates
DEBUG:TeleBot:Task complete
DEBUG:TeleBot:Received task
DEBUG:TeleBot:Request: method=get url=https://api.telegram.org/bot806603779:AAGXStpRxg5Gks5o2nUKh_JOYziZObKXoCs/forwardMessage params={'chat_id': -1001438155243, 'from_chat_id': 491458288, 'message_id': 59} files=None
DEBUG:TeleBot:Received task
DEBUG:TeleBot:Request: method=get url=https://api.telegram.org/bot806603779:AAGXStpRxg5Gks5o2nUKh_JOYziZObKXoCs/getUpdates params={'offset': 108939599, 'timeout': 20} files=None
DEBUG:requests.packages.urllib3.connectionpool:"GET /bot806603779:AAGXStpRxg5Gks5o2nUKh_JOYziZObKXoCs/forwardMessage?chat_id=-1001438155243&from_chat_id=491458288&message_id=59 HTTP/1.1" 200 437
DEBUG:TeleBot:The server returned: 'b'{"ok":true,"result":{"message_id":22,"chat":{"id":-1001438155243,"title":"B2U \\u0421\\u043e\\u043e\\u0431\\u0449\\u0435\\u043d\\u0438\\u044f \\u043d\\u0430 \\u0431\\u043e\\u0442\\u0430","type":"channel"},"date":1595180989,"forward_from":{"id":491458288,"is_bot":false,"first_name":"Zhanat","last_name":"Kabdolda","language_code":"ru"},"forward_date":1595180989,"text":"\\u041a\\u0430\\u0431\\u0434\\u043e\\u043b\\u0434\\u0430 \\u0416\\u0430\\u043d\\u0430\\u0442"}}''
DEBUG:TeleBot:Request: method=post url=https://api.telegram.org/bot806603779:AAGXStpRxg5Gks5o2nUKh_JOYziZObKXoCs/sendMessage params={'chat_id': '491458288', 'text': 'Выберите Вашу позицию', 'reply_markup': '{"keyboard": [[{"text": "\\u0414\\u0438\\u0440\\u0435\\u043a\\u0442\\u043e\\u0440 \\u0441\\u043d\\u0430\\u0431\\u0436\\u0435\\u043d\\u0438\\u044f"}], [{"text": "\\u0414\\u0438\\u0440\\u0435\\u043a\\u0442\\u043e\\u0440 \\u043c\\u043e\\u043d\\u0442\\u0430\\u0436\\u0430"}], [{"text": "\\u0414\\u0438\\u0440\\u0435\\u043a\\u0442\\u043e\\u0440 \\u043f\\u0440\\u043e\\u0438\\u0437\\u0432\\u043e\\u0434\\u0441\\u0442\\u0432\\u0430"}], [{"text": "\\u0414\\u0438\\u0440\\u0435\\u043a\\u0442\\u043e\\u0440 \\u043f\\u043e \\u0441\\u0442\\u0440\\u043e\\u0438\\u0442\\u0435\\u043b\\u044c\\u0441\\u0442\\u0432\\u0443"}], [{"text": "\\u0414\\u0438\\u0440\\u0435\\u043a\\u0442\\u043e\\u0440 \\u043f\\u043e \\u0441\\u0432\\u044f\\u0437\\u0438"}], [{"text": "\\u0422\\u0435\\u0445. \\u043d\\u0430\\u0434\\u0437\\u043e\\u0440"}], [{"text": "\\u0411\\u0440\\u0438\\u0433\\u0430\\u0434\\u0438\\u0440 \\u21161"}], [{"text": "\\u0411\\u0440\\u0438\\u0433\\u0430\\u0434\\u0438\\u0440 \\u21162"}], [{"text": "\\u0411\\u0440\\u0438\\u0433\\u0430\\u0434\\u0438\\u0440 \\u21163"}], [{"text": "\\u0411\\u0440\\u0438\\u0433\\u0430\\u0434\\u0438\\u0440 \\u21164"}], [{"text": "\\u0411\\u0440\\u0438\\u0433\\u0430\\u0434\\u0438\\u0440 \\u21165"}], [{"text": "\\u0411\\u0440\\u0438\\u0433\\u0430\\u0434\\u0438\\u0440 \\u21166"}], [{"text": "\\u0411\\u0440\\u0438\\u0433\\u0430\\u0434\\u0438\\u0440 \\u21167"}], [{"text": "\\u0411\\u0440\\u0438\\u0433\\u0430\\u0434\\u0438\\u0440 \\u21168"}], [{"text": "\\u0411\\u0440\\u0438\\u0433\\u0430\\u0434\\u0438\\u0440 \\u21169"}], [{"text": "\\u0411\\u0440\\u0438\\u0433\\u0430\\u0434\\u0438\\u0440 \\u211610"}], [{"text": "\\u0411\\u0440\\u0438\\u0433\\u0430\\u0434\\u0438\\u0440 \\u211611"}], [{"text": "\\u0411\\u0440\\u0438\\u0433\\u0430\\u0434\\u0438\\u0440 \\u211612"}], [{"text": "\\u0411\\u0440\\u0438\\u0433\\u0430\\u0434\\u0438\\u0440 \\u211613"}], [{"text": "\\u0411\\u0440\\u0438\\u0433\\u0430\\u0434\\u0438\\u0440 \\u211614"}], [{"text": "\\u0411\\u0440\\u0438\\u0433\\u0430\\u0434\\u0438\\u0440 \\u211615"}], [{"text": "\\u0411\\u0440\\u0438\\u0433\\u0430\\u0434\\u0438\\u0440 \\u211616"}], [{"text": "\\u0411\\u0440\\u0438\\u0433\\u0430\\u0434\\u0438\\u0440 \\u211617"}], [{"text": "\\u0411\\u0440\\u0438\\u0433\\u0430\\u0434\\u0438\\u0440 \\u211618"}]]}'} files=None
DEBUG:requests.packages.urllib3.connectionpool:"POST /bot806603779:AAGXStpRxg5Gks5o2nUKh_JOYziZObKXoCs/sendMessage?chat_id=491458288&text=%D0%92%D1%8B%D0%B1%D0%B5%D1%80%D0%B8%D1%82%D0%B5+%D0%92%D0%B0%D1%88%D1%83+%D0%BF%D0%BE%D0%B7%D0%B8%D1%86%D0%B8%D1%8E&reply_markup=%7B%22keyboard%22%3A+%5B%5B%7B%22text%22%3A+%22%5Cu0414%5Cu0438%5Cu0440%5Cu0435%5Cu043a%5Cu0442%5Cu043e%5Cu0440+%5Cu0441%5Cu043d%5Cu0430%5Cu0431%5Cu0436%5Cu0435%5Cu043d%5Cu0438%5Cu044f%22%7D%5D%2C+%5B%7B%22text%22%3A+%22%5Cu0414%5Cu0438%5Cu0440%5Cu0435%5Cu043a%5Cu0442%5Cu043e%5Cu0440+%5Cu043c%5Cu043e%5Cu043d%5Cu0442%5Cu0430%5Cu0436%5Cu0430%22%7D%5D%2C+%5B%7B%22text%22%3A+%22%5Cu0414%5Cu0438%5Cu0440%5Cu0435%5Cu043a%5Cu0442%5Cu043e%5Cu0440+%5Cu043f%5Cu0440%5Cu043e%5Cu0438%5Cu0437%5Cu0432%5Cu043e%5Cu0434%5Cu0441%5Cu0442%5Cu0432%5Cu0430%22%7D%5D%2C+%5B%7B%22text%22%3A+%22%5Cu0414%5Cu0438%5Cu0440%5Cu0435%5Cu043a%5Cu0442%5Cu043e%5Cu0440+%5Cu043f%5Cu043e+%5Cu0441%5Cu0442%5Cu0440%5Cu043e%5Cu0438%5Cu0442%5Cu0435%5Cu043b%5Cu044c%5Cu0441%5Cu0442%5Cu0432%5Cu0443%22%7D%5D%2C+%5B%7B%22text%22%3A+%22%5Cu0414%5Cu0438%5Cu0440%5Cu0435%5Cu043a%5Cu0442%5Cu043e%5Cu0440+%5Cu043f%5Cu043e+%5Cu0441%5Cu0432%5Cu044f%5Cu0437%5Cu0438%22%7D%5D%2C+%5B%7B%22text%22%3A+%22%5Cu0422%5Cu0435%5Cu0445.+%5Cu043d%5Cu0430%5Cu0434%5Cu0437%5Cu043e%5Cu0440%22%7D%5D%2C+%5B%7B%22text%22%3A+%22%5Cu0411%5Cu0440%5Cu0438%5Cu0433%5Cu0430%5Cu0434%5Cu0438%5Cu0440+%5Cu21161%22%7D%5D%2C+%5B%7B%22text%22%3A+%22%5Cu0411%5Cu0440%5Cu0438%5Cu0433%5Cu0430%5Cu0434%5Cu0438%5Cu0440+%5Cu21162%22%7D%5D%2C+%5B%7B%22text%22%3A+%22%5Cu0411%5Cu0440%5Cu0438%5Cu0433%5Cu0430%5Cu0434%5Cu0438%5Cu0440+%5Cu21163%22%7D%5D%2C+%5B%7B%22text%22%3A+%22%5Cu0411%5Cu0440%5Cu0438%5Cu0433%5Cu0430%5Cu0434%5Cu0438%5Cu0440+%5Cu21164%22%7D%5D%2C+%5B%7B%22text%22%3A+%22%5Cu0411%5Cu0440%5Cu0438%5Cu0433%5Cu0430%5Cu0434%5Cu0438%5Cu0440+%5Cu21165%22%7D%5D%2C+%5B%7B%22text%22%3A+%22%5Cu0411%5Cu0440%5Cu0438%5Cu0433%5Cu0430%5Cu0434%5Cu0438%5Cu0440+%5Cu21166%22%7D%5D%2C+%5B%7B%22text%22%3A+%22%5Cu0411%5Cu0440%5Cu0438%5Cu0433%5Cu0430%5Cu0434%5Cu0438%5Cu0440+%5Cu21167%22%7D%5D%2C+%5B%7B%22text%22%3A+%22%5Cu0411%5Cu0440%5Cu0438%5Cu0433%5Cu0430%5Cu0434%5Cu0438%5Cu0440+%5Cu21168%22%7D%5D%2C+%5B%7B%22text%22%3A+%22%5Cu0411%5Cu0440%5Cu0438%5Cu0433%5Cu0430%5Cu0434%5Cu0438%5Cu0440+%5Cu21169%22%7D%5D%2C+%5B%7B%22text%22%3A+%22%5Cu0411%5Cu0440%5Cu0438%5Cu0433%5Cu0430%5Cu0434%5Cu0438%5Cu0440+%5Cu211610%22%7D%5D%2C+%5B%7B%22text%22%3A+%22%5Cu0411%5Cu0440%5Cu0438%5Cu0433%5Cu0430%5Cu0434%5Cu0438%5Cu0440+%5Cu211611%22%7D%5D%2C+%5B%7B%22text%22%3A+%22%5Cu0411%5Cu0440%5Cu0438%5Cu0433%5Cu0430%5Cu0434%5Cu0438%5Cu0440+%5Cu211612%22%7D%5D%2C+%5B%7B%22text%22%3A+%22%5Cu0411%5Cu0440%5Cu0438%5Cu0433%5Cu0430%5Cu0434%5Cu0438%5Cu0440+%5Cu211613%22%7D%5D%2C+%5B%7B%22text%22%3A+%22%5Cu0411%5Cu0440%5Cu0438%5Cu0433%5Cu0430%5Cu0434%5Cu0438%5Cu0440+%5Cu211614%22%7D%5D%2C+%5B%7B%22text%22%3A+%22%5Cu0411%5Cu0440%5Cu0438%5Cu0433%5Cu0430%5Cu0434%5Cu0438%5Cu0440+%5Cu211615%22%7D%5D%2C+%5B%7B%22text%22%3A+%22%5Cu0411%5Cu0440%5Cu0438%5Cu0433%5Cu0430%5Cu0434%5Cu0438%5Cu0440+%5Cu211616%22%7D%5D%2C+%5B%7B%22text%22%3A+%22%5Cu0411%5Cu0440%5Cu0438%5Cu0433%5Cu0430%5Cu0434%5Cu0438%5Cu0440+%5Cu211617%22%7D%5D%2C+%5B%7B%22text%22%3A+%22%5Cu0411%5Cu0440%5Cu0438%5Cu0433%5Cu0430%5Cu0434%5Cu0438%5Cu0440+%5Cu211618%22%7D%5D%5D%7D HTTP/1.1" 200 347
DEBUG:TeleBot:The server returned: 'b'{"ok":true,"result":{"message_id":60,"from":{"id":806603779,"is_bot":true,"first_name":"b2u","username":"b2urobot"},"chat":{"id":491458288,"first_name":"Zhanat","last_name":"Kabdolda","type":"private"},"date":1595180989,"text":"\\u0412\\u044b\\u0431\\u0435\\u0440\\u0438\\u0442\\u0435 \\u0412\\u0430\\u0448\\u0443 \\u043f\\u043e\\u0437\\u0438\\u0446\\u0438\\u044e"}}''
DEBUG:TeleBot:Task complete
DEBUG:requests.packages.urllib3.connectionpool:"GET /bot806603779:AAGXStpRxg5Gks5o2nUKh_JOYziZObKXoCs/getUpdates?offset=108939599&timeout=20 HTTP/1.1" 200 366
DEBUG:TeleBot:The server returned: 'b'{"ok":true,"result":[{"update_id":108939599,\n"message":{"message_id":61,"from":{"id":1274188003,"is_bot":false,"first_name":"Adilet","last_name":"Tolegen","language_code":"ru"},"chat":{"id":1274188003,"first_name":"Adilet","last_name":"Tolegen","type":"private"},"date":1595180998,"text":"+77010487788","entities":[{"offset":0,"length":12,"type":"phone_number"}]}}]}''
DEBUG:TeleBot:Received 1 new updates
DEBUG:TeleBot:Task complete
DEBUG:TeleBot:Received task
DEBUG:TeleBot:Request: method=get url=https://api.telegram.org/bot806603779:AAGXStpRxg5Gks5o2nUKh_JOYziZObKXoCs/forwardMessage params={'chat_id': -1001438155243, 'from_chat_id': 1274188003, 'message_id': 61} files=None
DEBUG:TeleBot:Received task
DEBUG:TeleBot:Request: method=get url=https://api.telegram.org/bot806603779:AAGXStpRxg5Gks5o2nUKh_JOYziZObKXoCs/getUpdates params={'offset': 108939600, 'timeout': 20} files=None
DEBUG:requests.packages.urllib3.connectionpool:"GET /bot806603779:AAGXStpRxg5Gks5o2nUKh_JOYziZObKXoCs/forwardMessage?chat_id=-1001438155243&from_chat_id=1274188003&message_id=61 HTTP/1.1" 200 430
DEBUG:TeleBot:The server returned: 'b'{"ok":true,"result":{"message_id":23,"chat":{"id":-1001438155243,"title":"B2U \\u0421\\u043e\\u043e\\u0431\\u0449\\u0435\\u043d\\u0438\\u044f \\u043d\\u0430 \\u0431\\u043e\\u0442\\u0430","type":"channel"},"date":1595180998,"forward_from":{"id":1274188003,"is_bot":false,"first_name":"Adilet","last_name":"Tolegen","language_code":"ru"},"forward_date":1595180998,"text":"+77010487788","entities":[{"offset":0,"length":12,"type":"phone_number"}]}}''
DEBUG:TeleBot:Task complete
DEBUG:requests.packages.urllib3.connectionpool:"GET /bot806603779:AAGXStpRxg5Gks5o2nUKh_JOYziZObKXoCs/getUpdates?offset=108939600&timeout=20 HTTP/1.1" 200 385
DEBUG:TeleBot:The server returned: 'b'{"ok":true,"result":[{"update_id":108939600,\n"message":{"message_id":62,"from":{"id":491458288,"is_bot":false,"first_name":"Zhanat","last_name":"Kabdolda","language_code":"ru"},"chat":{"id":491458288,"first_name":"Zhanat","last_name":"Kabdolda","type":"private"},"date":1595181004,"text":"\\u0414\\u0438\\u0440\\u0435\\u043a\\u0442\\u043e\\u0440 \\u043c\\u043e\\u043d\\u0442\\u0430\\u0436\\u0430"}}]}''
DEBUG:TeleBot:Received 1 new updates
DEBUG:TeleBot:Task complete
DEBUG:TeleBot:Received task
DEBUG:TeleBot:Received task
DEBUG:TeleBot:Request: method=get url=https://api.telegram.org/bot806603779:AAGXStpRxg5Gks5o2nUKh_JOYziZObKXoCs/forwardMessage params={'chat_id': -1001438155243, 'from_chat_id': 491458288, 'message_id': 62} files=None
DEBUG:TeleBot:Request: method=get url=https://api.telegram.org/bot806603779:AAGXStpRxg5Gks5o2nUKh_JOYziZObKXoCs/getUpdates params={'offset': 108939601, 'timeout': 20} files=None
DEBUG:requests.packages.urllib3.connectionpool:"GET /bot806603779:AAGXStpRxg5Gks5o2nUKh_JOYziZObKXoCs/forwardMessage?chat_id=-1001438155243&from_chat_id=491458288&message_id=62 HTTP/1.1" 200 449
DEBUG:TeleBot:The server returned: 'b'{"ok":true,"result":{"message_id":24,"chat":{"id":-1001438155243,"title":"B2U \\u0421\\u043e\\u043e\\u0431\\u0449\\u0435\\u043d\\u0438\\u044f \\u043d\\u0430 \\u0431\\u043e\\u0442\\u0430","type":"channel"},"date":1595181004,"forward_from":{"id":491458288,"is_bot":false,"first_name":"Zhanat","last_name":"Kabdolda","language_code":"ru"},"forward_date":1595181004,"text":"\\u0414\\u0438\\u0440\\u0435\\u043a\\u0442\\u043e\\u0440 \\u043c\\u043e\\u043d\\u0442\\u0430\\u0436\\u0430"}}''
DEBUG:TeleBot:Task complete
DEBUG:requests.packages.urllib3.connectionpool:"GET /bot806603779:AAGXStpRxg5Gks5o2nUKh_JOYziZObKXoCs/getUpdates?offset=108939601&timeout=20 HTTP/1.1" 200 835
DEBUG:TeleBot:The server returned: 'b'{"ok":true,"result":[{"update_id":108939601,\n"message":{"message_id":63,"from":{"id":1274188003,"is_bot":false,"first_name":"Adilet","last_name":"Tolegen","language_code":"ru"},"chat":{"id":1274188003,"first_name":"Adilet","last_name":"Tolegen","type":"private"},"date":1595181020,"reply_to_message":{"message_id":58,"from":{"id":806603779,"is_bot":true,"first_name":"b2u","username":"b2urobot"},"chat":{"id":1274188003,"first_name":"Adilet","last_name":"Tolegen","type":"private"},"date":1595180987,"text":"\\u041f\\u0440\\u043e\\u0439\\u0434\\u0438\\u0442\\u0435 \\u0440\\u0435\\u0433\\u0438\\u0441\\u0442\\u0440\\u0430\\u0446\\u0438\\u044e: \\u0443\\u043a\\u0430\\u0436\\u0438\\u0442\\u0435 \\u0441\\u0432\\u043e\\u0439 \\u043d\\u043e\\u043c\\u0435\\u0440"},"contact":{"phone_number":"77010487788","first_name":"Adilet","last_name":"Tolegen","user_id":1274188003}}}]}''
DEBUG:TeleBot:Received 1 new updates
DEBUG:TeleBot:Task complete
DEBUG:TeleBot:Received task
DEBUG:TeleBot:Request: method=get url=https://api.telegram.org/bot806603779:AAGXStpRxg5Gks5o2nUKh_JOYziZObKXoCs/forwardMessage params={'chat_id': -1001438155243, 'from_chat_id': 1274188003, 'message_id': 63} files=None
DEBUG:TeleBot:Received task
DEBUG:TeleBot:Request: method=get url=https://api.telegram.org/bot806603779:AAGXStpRxg5Gks5o2nUKh_JOYziZObKXoCs/getUpdates params={'offset': 108939602, 'timeout': 20} files=None
DEBUG:requests.packages.urllib3.connectionpool:"GET /bot806603779:AAGXStpRxg5Gks5o2nUKh_JOYziZObKXoCs/forwardMessage?chat_id=-1001438155243&from_chat_id=1274188003&message_id=63 HTTP/1.1" 200 454
DEBUG:TeleBot:The server returned: 'b'{"ok":true,"result":{"message_id":25,"chat":{"id":-1001438155243,"title":"B2U \\u0421\\u043e\\u043e\\u0431\\u0449\\u0435\\u043d\\u0438\\u044f \\u043d\\u0430 \\u0431\\u043e\\u0442\\u0430","type":"channel"},"date":1595181020,"forward_from":{"id":1274188003,"is_bot":false,"first_name":"Adilet","last_name":"Tolegen","language_code":"ru"},"forward_date":1595181020,"contact":{"phone_number":"77010487788","first_name":"Adilet","last_name":"Tolegen","user_id":1274188003}}}''
DEBUG:TeleBot:Request: method=post url=https://api.telegram.org/bot806603779:AAGXStpRxg5Gks5o2nUKh_JOYziZObKXoCs/sendMessage params={'chat_id': '1274188003', 'text': 'Введите фамилию и имя:', 'reply_markup': '{"force_reply": true}'} files=None
DEBUG:requests.packages.urllib3.connectionpool:"POST /bot806603779:AAGXStpRxg5Gks5o2nUKh_JOYziZObKXoCs/sendMessage?chat_id=1274188003&text=%D0%92%D0%B2%D0%B5%D0%B4%D0%B8%D1%82%D0%B5+%D1%84%D0%B0%D0%BC%D0%B8%D0%BB%D0%B8%D1%8E+%D0%B8+%D0%B8%D0%BC%D1%8F%3A&reply_markup=%7B%22force_reply%22%3A+true%7D HTTP/1.1" 200 343
DEBUG:TeleBot:The server returned: 'b'{"ok":true,"result":{"message_id":64,"from":{"id":806603779,"is_bot":true,"first_name":"b2u","username":"b2urobot"},"chat":{"id":1274188003,"first_name":"Adilet","last_name":"Tolegen","type":"private"},"date":1595181020,"text":"\\u0412\\u0432\\u0435\\u0434\\u0438\\u0442\\u0435 \\u0444\\u0430\\u043c\\u0438\\u043b\\u0438\\u044e \\u0438 \\u0438\\u043c\\u044f:"}}''
DEBUG:TeleBot:Task complete
DEBUG:requests.packages.urllib3.connectionpool:"GET /bot806603779:AAGXStpRxg5Gks5o2nUKh_JOYziZObKXoCs/getUpdates?offset=108939602&timeout=20 HTTP/1.1" 200 715
DEBUG:TeleBot:The server returned: 'b'{"ok":true,"result":[{"update_id":108939602,\n"message":{"message_id":65,"from":{"id":1274188003,"is_bot":false,"first_name":"Adilet","last_name":"Tolegen","language_code":"ru"},"chat":{"id":1274188003,"first_name":"Adilet","last_name":"Tolegen","type":"private"},"date":1595181029,"reply_to_message":{"message_id":64,"from":{"id":806603779,"is_bot":true,"first_name":"b2u","username":"b2urobot"},"chat":{"id":1274188003,"first_name":"Adilet","last_name":"Tolegen","type":"private"},"date":1595181020,"text":"\\u0412\\u0432\\u0435\\u0434\\u0438\\u0442\\u0435 \\u0444\\u0430\\u043c\\u0438\\u043b\\u0438\\u044e \\u0438 \\u0438\\u043c\\u044f:"},"text":"\\u0410\\u0434\\u0438\\u043b\\u0435\\u0442 \\u0422\\u043e\\u043b\\u0435\\u0433\\u0435\\u043d"}}]}''
DEBUG:TeleBot:Received 1 new updates
DEBUG:TeleBot:Task complete
DEBUG:TeleBot:Received task
DEBUG:TeleBot:Request: method=get url=https://api.telegram.org/bot806603779:AAGXStpRxg5Gks5o2nUKh_JOYziZObKXoCs/forwardMessage params={'chat_id': -1001438155243, 'from_chat_id': 1274188003, 'message_id': 65} files=None
DEBUG:TeleBot:Received task
DEBUG:TeleBot:Request: method=get url=https://api.telegram.org/bot806603779:AAGXStpRxg5Gks5o2nUKh_JOYziZObKXoCs/getUpdates params={'offset': 108939603, 'timeout': 20} files=None
DEBUG:requests.packages.urllib3.connectionpool:"GET /bot806603779:AAGXStpRxg5Gks5o2nUKh_JOYziZObKXoCs/forwardMessage?chat_id=-1001438155243&from_chat_id=1274188003&message_id=65 HTTP/1.1" 200 437
DEBUG:TeleBot:The server returned: 'b'{"ok":true,"result":{"message_id":26,"chat":{"id":-1001438155243,"title":"B2U \\u0421\\u043e\\u043e\\u0431\\u0449\\u0435\\u043d\\u0438\\u044f \\u043d\\u0430 \\u0431\\u043e\\u0442\\u0430","type":"channel"},"date":1595181029,"forward_from":{"id":1274188003,"is_bot":false,"first_name":"Adilet","last_name":"Tolegen","language_code":"ru"},"forward_date":1595181029,"text":"\\u0410\\u0434\\u0438\\u043b\\u0435\\u0442 \\u0422\\u043e\\u043b\\u0435\\u0433\\u0435\\u043d"}}''
DEBUG:TeleBot:Request: method=post url=https://api.telegram.org/bot806603779:AAGXStpRxg5Gks5o2nUKh_JOYziZObKXoCs/sendMessage params={'chat_id': '1274188003', 'text': 'Выберите Вашу позицию', 'reply_markup': '{"keyboard": [[{"text": "\\u0414\\u0438\\u0440\\u0435\\u043a\\u0442\\u043e\\u0440 \\u0441\\u043d\\u0430\\u0431\\u0436\\u0435\\u043d\\u0438\\u044f"}], [{"text": "\\u0414\\u0438\\u0440\\u0435\\u043a\\u0442\\u043e\\u0440 \\u043c\\u043e\\u043d\\u0442\\u0430\\u0436\\u0430"}], [{"text": "\\u0414\\u0438\\u0440\\u0435\\u043a\\u0442\\u043e\\u0440 \\u043f\\u0440\\u043e\\u0438\\u0437\\u0432\\u043e\\u0434\\u0441\\u0442\\u0432\\u0430"}], [{"text": "\\u0414\\u0438\\u0440\\u0435\\u043a\\u0442\\u043e\\u0440 \\u043f\\u043e \\u0441\\u0442\\u0440\\u043e\\u0438\\u0442\\u0435\\u043b\\u044c\\u0441\\u0442\\u0432\\u0443"}], [{"text": "\\u0414\\u0438\\u0440\\u0435\\u043a\\u0442\\u043e\\u0440 \\u043f\\u043e \\u0441\\u0432\\u044f\\u0437\\u0438"}], [{"text": "\\u0422\\u0435\\u0445. \\u043d\\u0430\\u0434\\u0437\\u043e\\u0440"}], [{"text": "\\u0411\\u0440\\u0438\\u0433\\u0430\\u0434\\u0438\\u0440 \\u21161"}], [{"text": "\\u0411\\u0440\\u0438\\u0433\\u0430\\u0434\\u0438\\u0440 \\u21162"}], [{"text": "\\u0411\\u0440\\u0438\\u0433\\u0430\\u0434\\u0438\\u0440 \\u21163"}], [{"text": "\\u0411\\u0440\\u0438\\u0433\\u0430\\u0434\\u0438\\u0440 \\u21164"}], [{"text": "\\u0411\\u0440\\u0438\\u0433\\u0430\\u0434\\u0438\\u0440 \\u21165"}], [{"text": "\\u0411\\u0440\\u0438\\u0433\\u0430\\u0434\\u0438\\u0440 \\u21166"}], [{"text": "\\u0411\\u0440\\u0438\\u0433\\u0430\\u0434\\u0438\\u0440 \\u21167"}], [{"text": "\\u0411\\u0440\\u0438\\u0433\\u0430\\u0434\\u0438\\u0440 \\u21168"}], [{"text": "\\u0411\\u0440\\u0438\\u0433\\u0430\\u0434\\u0438\\u0440 \\u21169"}], [{"text": "\\u0411\\u0440\\u0438\\u0433\\u0430\\u0434\\u0438\\u0440 \\u211610"}], [{"text": "\\u0411\\u0440\\u0438\\u0433\\u0430\\u0434\\u0438\\u0440 \\u211611"}], [{"text": "\\u0411\\u0440\\u0438\\u0433\\u0430\\u0434\\u0438\\u0440 \\u211612"}], [{"text": "\\u0411\\u0440\\u0438\\u0433\\u0430\\u0434\\u0438\\u0440 \\u211613"}], [{"text": "\\u0411\\u0440\\u0438\\u0433\\u0430\\u0434\\u0438\\u0440 \\u211614"}], [{"text": "\\u0411\\u0440\\u0438\\u0433\\u0430\\u0434\\u0438\\u0440 \\u211615"}], [{"text": "\\u0411\\u0440\\u0438\\u0433\\u0430\\u0434\\u0438\\u0440 \\u211616"}], [{"text": "\\u0411\\u0440\\u0438\\u0433\\u0430\\u0434\\u0438\\u0440 \\u211617"}], [{"text": "\\u0411\\u0440\\u0438\\u0433\\u0430\\u0434\\u0438\\u0440 \\u211618"}]]}'} files=None
DEBUG:requests.packages.urllib3.connectionpool:"POST /bot806603779:AAGXStpRxg5Gks5o2nUKh_JOYziZObKXoCs/sendMessage?chat_id=1274188003&text=%D0%92%D1%8B%D0%B1%D0%B5%D1%80%D0%B8%D1%82%D0%B5+%D0%92%D0%B0%D1%88%D1%83+%D0%BF%D0%BE%D0%B7%D0%B8%D1%86%D0%B8%D1%8E&reply_markup=%7B%22keyboard%22%3A+%5B%5B%7B%22text%22%3A+%22%5Cu0414%5Cu0438%5Cu0440%5Cu0435%5Cu043a%5Cu0442%5Cu043e%5Cu0440+%5Cu0441%5Cu043d%5Cu0430%5Cu0431%5Cu0436%5Cu0435%5Cu043d%5Cu0438%5Cu044f%22%7D%5D%2C+%5B%7B%22text%22%3A+%22%5Cu0414%5Cu0438%5Cu0440%5Cu0435%5Cu043a%5Cu0442%5Cu043e%5Cu0440+%5Cu043c%5Cu043e%5Cu043d%5Cu0442%5Cu0430%5Cu0436%5Cu0430%22%7D%5D%2C+%5B%7B%22text%22%3A+%22%5Cu0414%5Cu0438%5Cu0440%5Cu0435%5Cu043a%5Cu0442%5Cu043e%5Cu0440+%5Cu043f%5Cu0440%5Cu043e%5Cu0438%5Cu0437%5Cu0432%5Cu043e%5Cu0434%5Cu0441%5Cu0442%5Cu0432%5Cu0430%22%7D%5D%2C+%5B%7B%22text%22%3A+%22%5Cu0414%5Cu0438%5Cu0440%5Cu0435%5Cu043a%5Cu0442%5Cu043e%5Cu0440+%5Cu043f%5Cu043e+%5Cu0441%5Cu0442%5Cu0440%5Cu043e%5Cu0438%5Cu0442%5Cu0435%5Cu043b%5Cu044c%5Cu0441%5Cu0442%5Cu0432%5Cu0443%22%7D%5D%2C+%5B%7B%22text%22%3A+%22%5Cu0414%5Cu0438%5Cu0440%5Cu0435%5Cu043a%5Cu0442%5Cu043e%5Cu0440+%5Cu043f%5Cu043e+%5Cu0441%5Cu0432%5Cu044f%5Cu0437%5Cu0438%22%7D%5D%2C+%5B%7B%22text%22%3A+%22%5Cu0422%5Cu0435%5Cu0445.+%5Cu043d%5Cu0430%5Cu0434%5Cu0437%5Cu043e%5Cu0440%22%7D%5D%2C+%5B%7B%22text%22%3A+%22%5Cu0411%5Cu0440%5Cu0438%5Cu0433%5Cu0430%5Cu0434%5Cu0438%5Cu0440+%5Cu21161%22%7D%5D%2C+%5B%7B%22text%22%3A+%22%5Cu0411%5Cu0440%5Cu0438%5Cu0433%5Cu0430%5Cu0434%5Cu0438%5Cu0440+%5Cu21162%22%7D%5D%2C+%5B%7B%22text%22%3A+%22%5Cu0411%5Cu0440%5Cu0438%5Cu0433%5Cu0430%5Cu0434%5Cu0438%5Cu0440+%5Cu21163%22%7D%5D%2C+%5B%7B%22text%22%3A+%22%5Cu0411%5Cu0440%5Cu0438%5Cu0433%5Cu0430%5Cu0434%5Cu0438%5Cu0440+%5Cu21164%22%7D%5D%2C+%5B%7B%22text%22%3A+%22%5Cu0411%5Cu0440%5Cu0438%5Cu0433%5Cu0430%5Cu0434%5Cu0438%5Cu0440+%5Cu21165%22%7D%5D%2C+%5B%7B%22text%22%3A+%22%5Cu0411%5Cu0440%5Cu0438%5Cu0433%5Cu0430%5Cu0434%5Cu0438%5Cu0440+%5Cu21166%22%7D%5D%2C+%5B%7B%22text%22%3A+%22%5Cu0411%5Cu0440%5Cu0438%5Cu0433%5Cu0430%5Cu0434%5Cu0438%5Cu0440+%5Cu21167%22%7D%5D%2C+%5B%7B%22text%22%3A+%22%5Cu0411%5Cu0440%5Cu0438%5Cu0433%5Cu0430%5Cu0434%5Cu0438%5Cu0440+%5Cu21168%22%7D%5D%2C+%5B%7B%22text%22%3A+%22%5Cu0411%5Cu0440%5Cu0438%5Cu0433%5Cu0430%5Cu0434%5Cu0438%5Cu0440+%5Cu21169%22%7D%5D%2C+%5B%7B%22text%22%3A+%22%5Cu0411%5Cu0440%5Cu0438%5Cu0433%5Cu0430%5Cu0434%5Cu0438%5Cu0440+%5Cu211610%22%7D%5D%2C+%5B%7B%22text%22%3A+%22%5Cu0411%5Cu0440%5Cu0438%5Cu0433%5Cu0430%5Cu0434%5Cu0438%5Cu0440+%5Cu211611%22%7D%5D%2C+%5B%7B%22text%22%3A+%22%5Cu0411%5Cu0440%5Cu0438%5Cu0433%5Cu0430%5Cu0434%5Cu0438%5Cu0440+%5Cu211612%22%7D%5D%2C+%5B%7B%22text%22%3A+%22%5Cu0411%5Cu0440%5Cu0438%5Cu0433%5Cu0430%5Cu0434%5Cu0438%5Cu0440+%5Cu211613%22%7D%5D%2C+%5B%7B%22text%22%3A+%22%5Cu0411%5Cu0440%5Cu0438%5Cu0433%5Cu0430%5Cu0434%5Cu0438%5Cu0440+%5Cu211614%22%7D%5D%2C+%5B%7B%22text%22%3A+%22%5Cu0411%5Cu0440%5Cu0438%5Cu0433%5Cu0430%5Cu0434%5Cu0438%5Cu0440+%5Cu211615%22%7D%5D%2C+%5B%7B%22text%22%3A+%22%5Cu0411%5Cu0440%5Cu0438%5Cu0433%5Cu0430%5Cu0434%5Cu0438%5Cu0440+%5Cu211616%22%7D%5D%2C+%5B%7B%22text%22%3A+%22%5Cu0411%5Cu0440%5Cu0438%5Cu0433%5Cu0430%5Cu0434%5Cu0438%5Cu0440+%5Cu211617%22%7D%5D%2C+%5B%7B%22text%22%3A+%22%5Cu0411%5Cu0440%5Cu0438%5Cu0433%5Cu0430%5Cu0434%5Cu0438%5Cu0440+%5Cu211618%22%7D%5D%5D%7D HTTP/1.1" 200 347
DEBUG:TeleBot:The server returned: 'b'{"ok":true,"result":{"message_id":66,"from":{"id":806603779,"is_bot":true,"first_name":"b2u","username":"b2urobot"},"chat":{"id":1274188003,"first_name":"Adilet","last_name":"Tolegen","type":"private"},"date":1595181029,"text":"\\u0412\\u044b\\u0431\\u0435\\u0440\\u0438\\u0442\\u0435 \\u0412\\u0430\\u0448\\u0443 \\u043f\\u043e\\u0437\\u0438\\u0446\\u0438\\u044e"}}''
DEBUG:TeleBot:Task complete
ERROR:TeleBot:ReadTimeout occurred, args=(ReadTimeoutError("HTTPSConnectionPool(host='api.telegram.org', port=443): Read timed out. (read timeout=30)"),)
Traceback (most recent call last):
  File "/Library/Frameworks/Python.framework/Versions/3.8/lib/python3.8/site-packages/requests/packages/urllib3/connectionpool.py", line 372, in _make_request
    httplib_response = conn.getresponse(buffering=True)
TypeError: getresponse() got an unexpected keyword argument 'buffering'

During handling of the above exception, another exception occurred:

Traceback (most recent call last):
  File "/Library/Frameworks/Python.framework/Versions/3.8/lib/python3.8/site-packages/requests/packages/urllib3/connectionpool.py", line 374, in _make_request
    httplib_response = conn.getresponse()
  File "/Library/Frameworks/Python.framework/Versions/3.8/lib/python3.8/http/client.py", line 1322, in getresponse
    response.begin()
  File "/Library/Frameworks/Python.framework/Versions/3.8/lib/python3.8/http/client.py", line 303, in begin
    version, status, reason = self._read_status()
  File "/Library/Frameworks/Python.framework/Versions/3.8/lib/python3.8/http/client.py", line 264, in _read_status
    line = str(self.fp.readline(_MAXLINE + 1), "iso-8859-1")
  File "/Library/Frameworks/Python.framework/Versions/3.8/lib/python3.8/socket.py", line 669, in readinto
    return self._sock.recv_into(b)
  File "/Library/Frameworks/Python.framework/Versions/3.8/lib/python3.8/ssl.py", line 1241, in recv_into
    return self.read(nbytes, buffer)
  File "/Library/Frameworks/Python.framework/Versions/3.8/lib/python3.8/ssl.py", line 1099, in read
    return self._sslobj.read(len, buffer)
socket.timeout: The read operation timed out

During handling of the above exception, another exception occurred:

Traceback (most recent call last):
  File "/Library/Frameworks/Python.framework/Versions/3.8/lib/python3.8/site-packages/requests/adapters.py", line 360, in send
    resp = conn.urlopen(
  File "/Library/Frameworks/Python.framework/Versions/3.8/lib/python3.8/site-packages/requests/packages/urllib3/connectionpool.py", line 596, in urlopen
    retries = retries.increment(method, url, error=e, _pool=self,
  File "/Library/Frameworks/Python.framework/Versions/3.8/lib/python3.8/site-packages/requests/packages/urllib3/util/retry.py", line 245, in increment
    raise six.reraise(type(error), error, _stacktrace)
  File "/Library/Frameworks/Python.framework/Versions/3.8/lib/python3.8/site-packages/requests/packages/urllib3/packages/six.py", line 310, in reraise
    raise value
  File "/Library/Frameworks/Python.framework/Versions/3.8/lib/python3.8/site-packages/requests/packages/urllib3/connectionpool.py", line 542, in urlopen
    httplib_response = self._make_request(conn, method, url,
  File "/Library/Frameworks/Python.framework/Versions/3.8/lib/python3.8/site-packages/requests/packages/urllib3/connectionpool.py", line 376, in _make_request
    self._raise_timeout(err=e, url=url, timeout_value=read_timeout)
  File "/Library/Frameworks/Python.framework/Versions/3.8/lib/python3.8/site-packages/requests/packages/urllib3/connectionpool.py", line 304, in _raise_timeout
    raise ReadTimeoutError(self, url, "Read timed out. (read timeout=%s)" % timeout_value)
requests.packages.urllib3.exceptions.ReadTimeoutError: HTTPSConnectionPool(host='api.telegram.org', port=443): Read timed out. (read timeout=30)

During handling of the above exception, another exception occurred:

Traceback (most recent call last):
  File "/Library/Frameworks/Python.framework/Versions/3.8/lib/python3.8/site-packages/telebot/util.py", line 60, in run
    task(*args, **kwargs)
  File "/Library/Frameworks/Python.framework/Versions/3.8/lib/python3.8/site-packages/telebot/__init__.py", line 279, in __retrieve_updates
    updates = self.get_updates(offset=(self.last_update_id + 1), timeout=timeout)
  File "/Library/Frameworks/Python.framework/Versions/3.8/lib/python3.8/site-packages/telebot/__init__.py", line 249, in get_updates
    json_updates = apihelper.get_updates(self.token, offset, limit, timeout, allowed_updates)
  File "/Library/Frameworks/Python.framework/Versions/3.8/lib/python3.8/site-packages/telebot/apihelper.py", line 194, in get_updates
    return _make_request(token, method_url, params=payload)
  File "/Library/Frameworks/Python.framework/Versions/3.8/lib/python3.8/site-packages/telebot/apihelper.py", line 57, in _make_request
    result = _get_req_session().request(method, request_url, params=params, files=files,
  File "/Library/Frameworks/Python.framework/Versions/3.8/lib/python3.8/site-packages/requests/sessions.py", line 465, in request
    resp = self.send(prep, **send_kwargs)
  File "/Library/Frameworks/Python.framework/Versions/3.8/lib/python3.8/site-packages/requests/sessions.py", line 573, in send
    r = adapter.send(request, **kwargs)
  File "/Library/Frameworks/Python.framework/Versions/3.8/lib/python3.8/site-packages/requests/adapters.py", line 433, in send
    raise ReadTimeout(e, request=request)
requests.exceptions.ReadTimeout: HTTPSConnectionPool(host='api.telegram.org', port=443): Read timed out. (read timeout=30)

